Using pre-set license
Built from '2021.3/staging' branch; Version is '2021.3.9f1 (ad3870b89536) revision 11352176'; Using compiler version '192829333'; Build Type 'Release'
OS: 'Windows 10  (10.0.19044) 64bit Professional' Language: 'pt' Physical Memory: 16252 MB
BatchMode: 1, IsHumanControllingUs: 0, StartBugReporterOnCrash: 0, Is64bit: 1, IsPro: 1

COMMAND LINE ARGUMENTS:
C:\Program Files\Unity\Hub\Editor\2021.3.9f1\Editor\Unity.exe
-adb2
-batchMode
-noUpm
-name
AssetImportWorker2
-projectPath
C:/Users/eduar/Documents/GitHub/GameJAM_UEA/GAME JAM UEA
-logFile
Logs/AssetImportWorker2.log
-srvPort
64063
Successfully changed project path to: C:/Users/eduar/Documents/GitHub/GameJAM_UEA/GAME JAM UEA
C:/Users/eduar/Documents/GitHub/GameJAM_UEA/GAME JAM UEA
[UnityMemory] Configuration Parameters - Can be set up in boot.config
    "memorysetup-bucket-allocator-granularity=16"
    "memorysetup-bucket-allocator-bucket-count=8"
    "memorysetup-bucket-allocator-block-size=33554432"
    "memorysetup-bucket-allocator-block-count=8"
    "memorysetup-main-allocator-block-size=16777216"
    "memorysetup-thread-allocator-block-size=16777216"
    "memorysetup-gfx-main-allocator-block-size=16777216"
    "memorysetup-gfx-thread-allocator-block-size=16777216"
    "memorysetup-cache-allocator-block-size=4194304"
    "memorysetup-typetree-allocator-block-size=2097152"
    "memorysetup-profiler-bucket-allocator-granularity=16"
    "memorysetup-profiler-bucket-allocator-bucket-count=8"
    "memorysetup-profiler-bucket-allocator-block-size=33554432"
    "memorysetup-profiler-bucket-allocator-block-count=8"
    "memorysetup-profiler-allocator-block-size=16777216"
    "memorysetup-profiler-editor-allocator-block-size=1048576"
    "memorysetup-temp-allocator-size-main=16777216"
    "memorysetup-job-temp-allocator-block-size=2097152"
    "memorysetup-job-temp-allocator-block-size-background=1048576"
    "memorysetup-job-temp-allocator-reduction-small-platforms=262144"
    "memorysetup-temp-allocator-size-background-worker=32768"
    "memorysetup-temp-allocator-size-job-worker=262144"
    "memorysetup-temp-allocator-size-preload-manager=33554432"
    "memorysetup-temp-allocator-size-nav-mesh-worker=65536"
    "memorysetup-temp-allocator-size-audio-worker=65536"
    "memorysetup-temp-allocator-size-cloud-worker=32768"
    "memorysetup-temp-allocator-size-gi-baking-worker=262144"
    "memorysetup-temp-allocator-size-gfx=262144"
Refreshing native plugins compatible for Editor in 90.86 ms, found 4 plugins.
Preloading 0 native plugins for Editor in 0.00 ms.
Initialize engine version: 2021.3.9f1 (ad3870b89536)
[Subsystems] Discovering subsystems at path C:/Program Files/Unity/Hub/Editor/2021.3.9f1/Editor/Data/Resources/UnitySubsystems
[Subsystems] Discovering subsystems at path C:/Users/eduar/Documents/GitHub/GameJAM_UEA/GAME JAM UEA/Assets
GfxDevice: creating device client; threaded=0; jobified=0
Direct3D:
    Version:  Direct3D 11.0 [level 11.1]
    Renderer: NVIDIA GeForce GTX 1650 (ID=0x1f99)
    Vendor:   NVIDIA
    VRAM:     3962 MB
    Driver:   31.0.15.1694
Initialize mono
Mono path[0] = 'C:/Program Files/Unity/Hub/Editor/2021.3.9f1/Editor/Data/Managed'
Mono path[1] = 'C:/Program Files/Unity/Hub/Editor/2021.3.9f1/Editor/Data/MonoBleedingEdge/lib/mono/unityjit-win32'
Mono config path = 'C:/Program Files/Unity/Hub/Editor/2021.3.9f1/Editor/Data/MonoBleedingEdge/etc'
Using monoOptions --debugger-agent=transport=dt_socket,embedding=1,server=y,suspend=n,address=127.0.0.1:56932
Begin MonoManager ReloadAssembly
Registering precompiled unity dll's ...
Register platform support module: C:/Program Files/Unity/Hub/Editor/2021.3.9f1/Editor/Data/PlaybackEngines/AndroidPlayer/UnityEditor.Android.Extensions.dll
Register platform support module: C:/Program Files/Unity/Hub/Editor/2021.3.9f1/Editor/Data/PlaybackEngines/WindowsStandaloneSupport/UnityEditor.WindowsStandalone.Extensions.dll
Registered in 0.007548 seconds.
Native extension for WindowsStandalone target not found
Native extension for Android target not found
Refreshing native plugins compatible for Editor in 87.77 ms, found 4 plugins.
Preloading 0 native plugins for Editor in 0.00 ms.
Mono: successfully reloaded assembly
- Completed reload, in  0.635 seconds
Domain Reload Profiling:
	ReloadAssembly (635ms)
		BeginReloadAssembly (72ms)
			ExecutionOrderSort (0ms)
			DisableScriptedObjects (0ms)
			BackupInstance (0ms)
			ReleaseScriptingObjects (0ms)
			CreateAndSetChildDomain (1ms)
		EndReloadAssembly (454ms)
			LoadAssemblies (71ms)
			RebuildTransferFunctionScriptingTraits (0ms)
			SetupTypeCache (103ms)
			ReleaseScriptCaches (0ms)
			RebuildScriptCaches (26ms)
			SetupLoadedEditorAssemblies (277ms)
				LogAssemblyErrors (0ms)
				InitializePlatformSupportModulesInManaged (51ms)
				SetLoadedEditorAssemblies (0ms)
				RefreshPlugins (88ms)
				BeforeProcessingInitializeOnLoad (1ms)
				ProcessInitializeOnLoadAttributes (97ms)
				ProcessInitializeOnLoadMethodAttributes (40ms)
				AfterProcessingInitializeOnLoad (0ms)
				EditorAssembliesLoaded (0ms)
			ExecutionOrderSort2 (0ms)
			AwakeInstancesAfterBackupRestoration (0ms)
Platform modules already initialized, skipping
Registering precompiled user dll's ...
Registered in 0.007868 seconds.
Begin MonoManager ReloadAssembly
Symbol file data-0000018F3E7A0080 doesn't match image C:\Users\eduar\Documents\GitHub\GameJAM_UEA\GAME JAM UEA\Library\ScriptAssemblies\Unity.VisualScripting.Flow.Editor.dll
Symbol file LoadedFromMemory is not a mono symbol file
Symbol file data-0000018F40797840 doesn't match image C:\Users\eduar\Documents\GitHub\GameJAM_UEA\GAME JAM UEA\Library\ScriptAssemblies\Unity.2D.Tilemap.Extras.dll
Symbol file LoadedFromMemory is not a mono symbol file
Symbol file data-0000018F3E7A0080 doesn't match image C:\Users\eduar\Documents\GitHub\GameJAM_UEA\GAME JAM UEA\Library\ScriptAssemblies\Unity.2D.Animation.Editor.dll
Symbol file LoadedFromMemory is not a mono symbol file
Symbol file data-0000018F3ED68DD0 doesn't match image C:\Users\eduar\Documents\GitHub\GameJAM_UEA\GAME JAM UEA\Library\ScriptAssemblies\Unity.InternalAPIEngineBridge.001.dll
Symbol file LoadedFromMemory is not a mono symbol file
Symbol file data-0000018F40797840 doesn't match image C:\Users\eduar\Documents\GitHub\GameJAM_UEA\GAME JAM UEA\Library\ScriptAssemblies\Unity.VSCode.Editor.dll
Symbol file LoadedFromMemory is not a mono symbol file
Symbol file data-0000018F40797840 doesn't match image C:\Users\eduar\Documents\GitHub\GameJAM_UEA\GAME JAM UEA\Library\ScriptAssemblies\Unity.2D.PixelPerfect.dll
Symbol file LoadedFromMemory is not a mono symbol file
Symbol file data-0000018F3E7C8E90 doesn't match image C:\Users\eduar\Documents\GitHub\GameJAM_UEA\GAME JAM UEA\Library\ScriptAssemblies\Unity.2D.Tilemap.Editor.dll
Symbol file LoadedFromMemory is not a mono symbol file
Symbol file data-0000018F3E7DC2A0 doesn't match image C:\Users\eduar\Documents\GitHub\GameJAM_UEA\GAME JAM UEA\Library\ScriptAssemblies\PsdPlugin.dll
Symbol file LoadedFromMemory is not a mono symbol file
Symbol file data-0000018F3E7DC2A0 doesn't match image C:\Users\eduar\Documents\GitHub\GameJAM_UEA\GAME JAM UEA\Library\ScriptAssemblies\Unity.TextMeshPro.Editor.dll
Symbol file LoadedFromMemory is not a mono symbol file
Symbol file data-0000018F402AE430 doesn't match image C:\Users\eduar\Documents\GitHub\GameJAM_UEA\GAME JAM UEA\Library\ScriptAssemblies\Unity.Services.Core.Telemetry.dll
Symbol file LoadedFromMemory is not a mono symbol file
Symbol file data-0000018F3E7F18B0 doesn't match image C:\Users\eduar\Documents\GitHub\GameJAM_UEA\GAME JAM UEA\Library\ScriptAssemblies\Unity.VisualStudio.Editor.dll
Symbol file LoadedFromMemory is not a mono symbol file
Symbol file data-0000018F3E7F18B0 doesn't match image C:\Users\eduar\Documents\GitHub\GameJAM_UEA\GAME JAM UEA\Library\ScriptAssemblies\UnityEngine.TestRunner.dll
Symbol file LoadedFromMemory is not a mono symbol file
Symbol file data-0000018F40682C20 doesn't match image C:\Users\eduar\Documents\GitHub\GameJAM_UEA\GAME JAM UEA\Library\ScriptAssemblies\Unity.Timeline.dll
Symbol file LoadedFromMemory is not a mono symbol file
Symbol file data-0000018F3F574FC0 doesn't match image C:\Users\eduar\Documents\GitHub\GameJAM_UEA\GAME JAM UEA\Library\ScriptAssemblies\Unity.VisualScripting.Core.Editor.dll
Symbol file LoadedFromMemory is not a mono symbol file
Symbol file data-0000018F40682C20 doesn't match image C:\Users\eduar\Documents\GitHub\GameJAM_UEA\GAME JAM UEA\Library\ScriptAssemblies\Unity.TextMeshPro.dll
Symbol file LoadedFromMemory is not a mono symbol file
Symbol file data-0000018F3E7F18B0 doesn't match image C:\Users\eduar\Documents\GitHub\GameJAM_UEA\GAME JAM UEA\Library\ScriptAssemblies\Unity.VisualScripting.State.Editor.dll
Symbol file LoadedFromMemory is not a mono symbol file
Symbol file data-0000018F406B6E40 doesn't match image C:\Users\eduar\Documents\GitHub\GameJAM_UEA\GAME JAM UEA\Library\ScriptAssemblies\Unity.Burst.Editor.dll
Symbol file LoadedFromMemory is not a mono symbol file
Symbol file data-0000018F3EEB4200 doesn't match image C:\Users\eduar\Documents\GitHub\GameJAM_UEA\GAME JAM UEA\Library\ScriptAssemblies\UnityEditor.TestRunner.dll
Symbol file LoadedFromMemory is not a mono symbol file
Symbol file data-0000018F402AE430 doesn't match image C:\Users\eduar\Documents\GitHub\GameJAM_UEA\GAME JAM UEA\Library\ScriptAssemblies\Unity.Services.Core.Networking.dll
Symbol file LoadedFromMemory is not a mono symbol file
Symbol file data-0000018F406B6E40 doesn't match image C:\Users\eduar\Documents\GitHub\GameJAM_UEA\GAME JAM UEA\Library\ScriptAssemblies\Unity.2D.IK.Editor.dll
Symbol file LoadedFromMemory is not a mono symbol file
Symbol file data-0000018F3AD57010 doesn't match image C:\Users\eduar\Documents\GitHub\GameJAM_UEA\GAME JAM UEA\Library\ScriptAssemblies\Unity.2D.Sprite.Editor.dll
Symbol file LoadedFromMemory is not a mono symbol file
Symbol file data-0000018F3EEDEA10 doesn't match image C:\Users\eduar\Documents\GitHub\GameJAM_UEA\GAME JAM UEA\Library\ScriptAssemblies\Unity.Burst.CodeGen.dll
Symbol file LoadedFromMemory is not a mono symbol file
Symbol file data-0000018F3EEDEA10 doesn't match image C:\Users\eduar\Documents\GitHub\GameJAM_UEA\GAME JAM UEA\Library\ScriptAssemblies\Unity.2D.Path.Editor.dll
Symbol file LoadedFromMemory is not a mono symbol file
Symbol file data-0000018F3EEDEA10 doesn't match image C:\Users\eduar\Documents\GitHub\GameJAM_UEA\GAME JAM UEA\Library\ScriptAssemblies\Unity.VisualScripting.SettingsProvider.Editor.dll
Symbol file LoadedFromMemory is not a mono symbol file
Symbol file data-0000018F40194020 doesn't match image C:\Users\eduar\Documents\GitHub\GameJAM_UEA\GAME JAM UEA\Library\ScriptAssemblies\Unity.VisualScripting.Flow.dll
Symbol file LoadedFromMemory is not a mono symbol file
Symbol file data-0000018F3ADB8830 doesn't match image C:\Users\eduar\Documents\GitHub\GameJAM_UEA\GAME JAM UEA\Library\ScriptAssemblies\UnityEditor.UI.dll
Symbol file LoadedFromMemory is not a mono symbol file
Symbol file data-0000018F401A9230 doesn't match image C:\Users\eduar\Documents\GitHub\GameJAM_UEA\GAME JAM UEA\Library\ScriptAssemblies\Unity.PlasticSCM.Editor.dll
Symbol file LoadedFromMemory is not a mono symbol file
Symbol file data-0000018F3F336020 doesn't match image C:\Users\eduar\Documents\GitHub\GameJAM_UEA\GAME JAM UEA\Library\ScriptAssemblies\Unity.Rider.Editor.dll
Symbol file LoadedFromMemory is not a mono symbol file
Symbol file data-0000018F3ADB8830 doesn't match image C:\Users\eduar\Documents\GitHub\GameJAM_UEA\GAME JAM UEA\Library\ScriptAssemblies\Unity.2D.Psdimporter.Editor.dll
Symbol file LoadedFromMemory is not a mono symbol file
Symbol file data-0000018F3F336020 doesn't match image C:\Users\eduar\Documents\GitHub\GameJAM_UEA\GAME JAM UEA\Library\ScriptAssemblies\Unity.Services.Core.Internal.dll
Symbol file LoadedFromMemory is not a mono symbol file
Symbol file data-0000018F3EDCC010 doesn't match image C:\Users\eduar\Documents\GitHub\GameJAM_UEA\GAME JAM UEA\Library\ScriptAssemblies\UnityEngine.UI.dll
Symbol file LoadedFromMemory is not a mono symbol file
Symbol file data-0000018F40215C60 doesn't match image C:\Users\eduar\Documents\GitHub\GameJAM_UEA\GAME JAM UEA\Library\ScriptAssemblies\Unity.2D.Tilemap.Extras.Editor.dll
Symbol file LoadedFromMemory is not a mono symbol file
Symbol file data-0000018F3F336020 doesn't match image C:\Users\eduar\Documents\GitHub\GameJAM_UEA\GAME JAM UEA\Library\ScriptAssemblies\Unity.InternalAPIEditorBridge.001.dll
Symbol file LoadedFromMemory is not a mono symbol file
Symbol file data-0000018F3F336020 doesn't match image C:\Users\eduar\Documents\GitHub\GameJAM_UEA\GAME JAM UEA\Library\ScriptAssemblies\Unity.Services.Core.Configuration.dll
Symbol file LoadedFromMemory is not a mono symbol file
Symbol file data-0000018F3F338A30 doesn't match image C:\Users\eduar\Documents\GitHub\GameJAM_UEA\GAME JAM UEA\Library\ScriptAssemblies\Unity.Services.Core.dll
Symbol file LoadedFromMemory is not a mono symbol file
Symbol file data-0000018F4058A010 doesn't match image C:\Users\eduar\Documents\GitHub\GameJAM_UEA\GAME JAM UEA\Library\ScriptAssemblies\Unity.VisualScripting.Core.dll
Symbol file LoadedFromMemory is not a mono symbol file
Symbol file data-0000018F3EBFC020 doesn't match image C:\Users\eduar\Documents\GitHub\GameJAM_UEA\GAME JAM UEA\Library\ScriptAssemblies\Unity.Mathematics.dll
Symbol file LoadedFromMemory is not a mono symbol file
Symbol file data-0000018F3EEE3220 doesn't match image C:\Users\eduar\Documents\GitHub\GameJAM_UEA\GAME JAM UEA\Library\ScriptAssemblies\Unity.2D.IK.Runtime.dll
Symbol file LoadedFromMemory is not a mono symbol file
Symbol file data-0000018F3EEE3220 doesn't match image C:\Users\eduar\Documents\GitHub\GameJAM_UEA\GAME JAM UEA\Library\ScriptAssemblies\Unity.Services.Core.Editor.dll
Symbol file LoadedFromMemory is not a mono symbol file
Symbol file data-0000018F3EEE3220 doesn't match image C:\Users\eduar\Documents\GitHub\GameJAM_UEA\GAME JAM UEA\Library\ScriptAssemblies\Unity.Services.Core.Configuration.Editor.dll
Symbol file LoadedFromMemory is not a mono symbol file
Symbol file data-0000018F4064BE30 doesn't match image C:\Users\eduar\Documents\GitHub\GameJAM_UEA\GAME JAM UEA\Library\ScriptAssemblies\Unity.Services.Core.Analytics.dll
Symbol file LoadedFromMemory is not a mono symbol file
Symbol file data-0000018F3EC4DA30 doesn't match image C:\Users\eduar\Documents\GitHub\GameJAM_UEA\GAME JAM UEA\Library\ScriptAssemblies\Unity.Burst.dll
Symbol file LoadedFromMemory is not a mono symbol file
Symbol file data-0000018F3EEE3220 doesn't match image C:\Users\eduar\Documents\GitHub\GameJAM_UEA\GAME JAM UEA\Library\ScriptAssemblies\Unity.Services.Core.Registration.dll
Symbol file LoadedFromMemory is not a mono symbol file
Symbol file data-0000018F3EEE3220 doesn't match image C:\Users\eduar\Documents\GitHub\GameJAM_UEA\GAME JAM UEA\Library\ScriptAssemblies\Unity.VisualScripting.Shared.Editor.dll
Symbol file LoadedFromMemory is not a mono symbol file
Symbol file data-0000018F3EEE3220 doesn't match image C:\Users\eduar\Documents\GitHub\GameJAM_UEA\GAME JAM UEA\Library\ScriptAssemblies\Unity.Services.Core.Environments.dll
Symbol file LoadedFromMemory is not a mono symbol file
Symbol file data-0000018F3EEE3220 doesn't match image C:\Users\eduar\Documents\GitHub\GameJAM_UEA\GAME JAM UEA\Library\ScriptAssemblies\Unity.2D.Animation.Runtime.dll
Symbol file LoadedFromMemory is not a mono symbol file
Symbol file data-0000018F3EEE3220 doesn't match image C:\Users\eduar\Documents\GitHub\GameJAM_UEA\GAME JAM UEA\Library\ScriptAssemblies\Unity.2D.PixelPerfect.Editor.dll
Symbol file LoadedFromMemory is not a mono symbol file
Symbol file data-0000018F3EC60850 doesn't match image C:\Users\eduar\Documents\GitHub\GameJAM_UEA\GAME JAM UEA\Library\ScriptAssemblies\Unity.Services.Core.Scheduler.dll
Symbol file LoadedFromMemory is not a mono symbol file
Symbol file data-0000018F3EC60850 doesn't match image C:\Users\eduar\Documents\GitHub\GameJAM_UEA\GAME JAM UEA\Library\ScriptAssemblies\Unity.Services.Core.Environments.Internal.dll
Symbol file LoadedFromMemory is not a mono symbol file
Symbol file data-0000018F3EC60850 doesn't match image C:\Users\eduar\Documents\GitHub\GameJAM_UEA\GAME JAM UEA\Library\ScriptAssemblies\Unity.Timeline.Editor.dll
Symbol file LoadedFromMemory is not a mono symbol file
Symbol file data-0000018F3F274FF0 doesn't match image C:\Users\eduar\Documents\GitHub\GameJAM_UEA\GAME JAM UEA\Library\ScriptAssemblies\Unity.CollabProxy.Editor.dll
Symbol file LoadedFromMemory is not a mono symbol file
Symbol file data-0000018F3F27AE00 doesn't match image C:\Users\eduar\Documents\GitHub\GameJAM_UEA\GAME JAM UEA\Library\ScriptAssemblies\Unity.Mathematics.Editor.dll
Symbol file LoadedFromMemory is not a mono symbol file
Symbol file data-0000018F3F27AE00 doesn't match image C:\Users\eduar\Documents\GitHub\GameJAM_UEA\GAME JAM UEA\Library\ScriptAssemblies\Unity.Services.Core.Threading.dll
Symbol file LoadedFromMemory is not a mono symbol file
Symbol file data-0000018F3EC60850 doesn't match image C:\Users\eduar\Documents\GitHub\GameJAM_UEA\GAME JAM UEA\Library\ScriptAssemblies\Unity.2D.Common.Runtime.dll
Symbol file LoadedFromMemory is not a mono symbol file
Symbol file data-0000018F3EC74C60 doesn't match image C:\Users\eduar\Documents\GitHub\GameJAM_UEA\GAME JAM UEA\Library\ScriptAssemblies\Unity.2D.SpriteShape.Editor.dll
Symbol file LoadedFromMemory is not a mono symbol file
Symbol file data-0000018F3F284E10 doesn't match image C:\Users\eduar\Documents\GitHub\GameJAM_UEA\GAME JAM UEA\Library\ScriptAssemblies\Unity.2D.Common.Editor.dll
Symbol file LoadedFromMemory is not a mono symbol file
Symbol file data-0000018F3EC95080 doesn't match image C:\Users\eduar\Documents\GitHub\GameJAM_UEA\GAME JAM UEA\Library\ScriptAssemblies\Unity.2D.SpriteShape.Runtime.dll
Symbol file LoadedFromMemory is not a mono symbol file
Symbol file data-0000018F3F284E10 doesn't match image C:\Users\eduar\Documents\GitHub\GameJAM_UEA\GAME JAM UEA\Library\ScriptAssemblies\Unity.VisualScripting.State.dll
Symbol file LoadedFromMemory is not a mono symbol file
Symbol file data-0000018F3F284E10 doesn't match image C:\Users\eduar\Documents\GitHub\GameJAM_UEA\GAME JAM UEA\Library\ScriptAssemblies\Unity.Services.Core.Device.dll
Symbol file LoadedFromMemory is not a mono symbol file
Symbol file LoadedFromMemory doesn't match image C:\Users\eduar\Documents\GitHub\GameJAM_UEA\GAME JAM UEA\Library\PackageCache\com.unity.visualscripting@1.7.8\Editor\VisualScripting.Core\Dependencies\YamlDotNet\Unity.VisualScripting.YamlDotNet.dll
Symbol file LoadedFromMemory doesn't match image C:\Users\eduar\Documents\GitHub\GameJAM_UEA\GAME JAM UEA\Library\PackageCache\com.unity.visualscripting@1.7.8\Editor\VisualScripting.Core\Dependencies\DotNetZip\Unity.VisualScripting.IonicZip.dll
Native extension for WindowsStandalone target not found
Native extension for Android target not found
Refreshing native plugins compatible for Editor in 88.05 ms, found 4 plugins.
Preloading 0 native plugins for Editor in 0.00 ms.
Mono: successfully reloaded assembly
- Completed reload, in  1.277 seconds
Domain Reload Profiling:
	ReloadAssembly (1278ms)
		BeginReloadAssembly (228ms)
			ExecutionOrderSort (0ms)
			DisableScriptedObjects (5ms)
			BackupInstance (0ms)
			ReleaseScriptingObjects (0ms)
			CreateAndSetChildDomain (130ms)
		EndReloadAssembly (935ms)
			LoadAssemblies (94ms)
			RebuildTransferFunctionScriptingTraits (0ms)
			SetupTypeCache (256ms)
			ReleaseScriptCaches (1ms)
			RebuildScriptCaches (68ms)
			SetupLoadedEditorAssemblies (479ms)
				LogAssemblyErrors (0ms)
				InitializePlatformSupportModulesInManaged (17ms)
				SetLoadedEditorAssemblies (0ms)
				RefreshPlugins (88ms)
				BeforeProcessingInitializeOnLoad (99ms)
				ProcessInitializeOnLoadAttributes (225ms)
				ProcessInitializeOnLoadMethodAttributes (42ms)
				AfterProcessingInitializeOnLoad (8ms)
				EditorAssembliesLoaded (0ms)
			ExecutionOrderSort2 (0ms)
			AwakeInstancesAfterBackupRestoration (5ms)
Platform modules already initialized, skipping
========================================================================
Worker process is ready to serve import requests
Launched and connected shader compiler UnityShaderCompiler.exe after 0.03 seconds
Refreshing native plugins compatible for Editor in 0.86 ms, found 4 plugins.
Preloading 0 native plugins for Editor in 0.00 ms.
Unloading 4073 Unused Serialized files (Serialized files now loaded: 0)
Unloading 44 unused Assets / (223.9 KB). Loaded Objects now: 4526.
Memory consumption went from 151.5 MB to 151.3 MB.
Total: 4.041200 ms (FindLiveObjects: 0.367200 ms CreateObjectMapping: 0.367600 ms MarkObjects: 3.093000 ms  DeleteObjects: 0.212500 ms)

AssetImportParameters requested are different than current active one (requested -> active):
  custom:video-decoder-ogg-theora: a1e56fd34408186e4bbccfd4996cb3dc -> 
  custom:container-muxer-webm: aa71ff27fc2769a1b78a27578f13a17b -> 
  custom:container-demuxer-webm: 4f35f7cbe854078d1ac9338744f61a02 -> 
  custom:video-encoder-webm-vp8: eb34c28f22e8b96e1ab97ce403110664 -> 
  custom:audio-encoder-webm-vorbis: bf7c407c2cedff20999df2af8eb42d56 -> 
  custom:framework-win-MediaFoundation: 216162199b28c13a410421893ffa2e32 -> 
  custom:container-demuxer-ogg: 62fdf1f143b41e24485cea50d1cbac27 -> 
  custom:video-decoder-webm-vp8: 9c59270c3fd7afecdb556c50c9e8de78 -> 
  custom:audio-decoder-ogg-vorbis: bf7c407c2cedff20999df2af8eb42d56 -> 
========================================================================
Received Prepare
Registering precompiled user dll's ...
Registered in 0.006767 seconds.
Begin MonoManager ReloadAssembly
Symbol file data-0000018F3E91F010 doesn't match image C:\Users\eduar\Documents\GitHub\GameJAM_UEA\GAME JAM UEA\Library\ScriptAssemblies\Unity.VisualScripting.Flow.Editor.dll
Symbol file LoadedFromMemory is not a mono symbol file
Symbol file data-0000018F40450980 doesn't match image C:\Users\eduar\Documents\GitHub\GameJAM_UEA\GAME JAM UEA\Library\ScriptAssemblies\Unity.2D.Tilemap.Extras.dll
Symbol file LoadedFromMemory is not a mono symbol file
Symbol file data-0000018F458F1D40 doesn't match image C:\Users\eduar\Documents\GitHub\GameJAM_UEA\GAME JAM UEA\Library\ScriptAssemblies\Unity.2D.Animation.Editor.dll
Symbol file LoadedFromMemory is not a mono symbol file
Symbol file data-0000018F40210430 doesn't match image C:\Users\eduar\Documents\GitHub\GameJAM_UEA\GAME JAM UEA\Library\ScriptAssemblies\Unity.InternalAPIEngineBridge.001.dll
Symbol file LoadedFromMemory is not a mono symbol file
Symbol file data-0000018F40450980 doesn't match image C:\Users\eduar\Documents\GitHub\GameJAM_UEA\GAME JAM UEA\Library\ScriptAssemblies\Unity.VSCode.Editor.dll
Symbol file LoadedFromMemory is not a mono symbol file
Symbol file data-0000018F40210430 doesn't match image C:\Users\eduar\Documents\GitHub\GameJAM_UEA\GAME JAM UEA\Library\ScriptAssemblies\Unity.2D.PixelPerfect.dll
Symbol file LoadedFromMemory is not a mono symbol file
Symbol file data-0000018F40E94010 doesn't match image C:\Users\eduar\Documents\GitHub\GameJAM_UEA\GAME JAM UEA\Library\ScriptAssemblies\Unity.2D.Tilemap.Editor.dll
Symbol file LoadedFromMemory is not a mono symbol file
Symbol file data-0000018F44D1D020 doesn't match image C:\Users\eduar\Documents\GitHub\GameJAM_UEA\GAME JAM UEA\Library\ScriptAssemblies\PsdPlugin.dll
Symbol file LoadedFromMemory is not a mono symbol file
Symbol file data-0000018F44D1D020 doesn't match image C:\Users\eduar\Documents\GitHub\GameJAM_UEA\GAME JAM UEA\Library\ScriptAssemblies\Unity.TextMeshPro.Editor.dll
Symbol file LoadedFromMemory is not a mono symbol file
Symbol file data-0000018F3EF674B0 doesn't match image C:\Users\eduar\Documents\GitHub\GameJAM_UEA\GAME JAM UEA\Library\ScriptAssemblies\Unity.Services.Core.Telemetry.dll
Symbol file LoadedFromMemory is not a mono symbol file
Symbol file data-0000018F446F6450 doesn't match image C:\Users\eduar\Documents\GitHub\GameJAM_UEA\GAME JAM UEA\Library\ScriptAssemblies\Unity.VisualStudio.Editor.dll
Symbol file LoadedFromMemory is not a mono symbol file
Symbol file data-0000018F421C7010 doesn't match image C:\Users\eduar\Documents\GitHub\GameJAM_UEA\GAME JAM UEA\Library\ScriptAssemblies\UnityEngine.TestRunner.dll
Symbol file LoadedFromMemory is not a mono symbol file
Symbol file data-0000018F421C7010 doesn't match image C:\Users\eduar\Documents\GitHub\GameJAM_UEA\GAME JAM UEA\Library\ScriptAssemblies\Unity.Timeline.dll
Symbol file LoadedFromMemory is not a mono symbol file
Symbol file data-0000018F45109040 doesn't match image C:\Users\eduar\Documents\GitHub\GameJAM_UEA\GAME JAM UEA\Library\ScriptAssemblies\Unity.VisualScripting.Core.Editor.dll
Symbol file LoadedFromMemory is not a mono symbol file
Symbol file data-0000018F3F62E020 doesn't match image C:\Users\eduar\Documents\GitHub\GameJAM_UEA\GAME JAM UEA\Library\ScriptAssemblies\Unity.TextMeshPro.dll
Symbol file LoadedFromMemory is not a mono symbol file
Symbol file data-0000018F446F6450 doesn't match image C:\Users\eduar\Documents\GitHub\GameJAM_UEA\GAME JAM UEA\Library\ScriptAssemblies\Unity.VisualScripting.State.Editor.dll
Symbol file LoadedFromMemory is not a mono symbol file
Symbol file data-0000018F446F6450 doesn't match image C:\Users\eduar\Documents\GitHub\GameJAM_UEA\GAME JAM UEA\Library\ScriptAssemblies\Unity.Burst.Editor.dll
Symbol file LoadedFromMemory is not a mono symbol file
Symbol file data-0000018F3B123FC0 doesn't match image C:\Users\eduar\Documents\GitHub\GameJAM_UEA\GAME JAM UEA\Library\ScriptAssemblies\UnityEditor.TestRunner.dll
Symbol file LoadedFromMemory is not a mono symbol file
Symbol file data-0000018F40DFDA20 doesn't match image C:\Users\eduar\Documents\GitHub\GameJAM_UEA\GAME JAM UEA\Library\ScriptAssemblies\Unity.Services.Core.Networking.dll
Symbol file LoadedFromMemory is not a mono symbol file
Symbol file data-0000018F4013A830 doesn't match image C:\Users\eduar\Documents\GitHub\GameJAM_UEA\GAME JAM UEA\Library\ScriptAssemblies\Unity.2D.IK.Editor.dll
Symbol file LoadedFromMemory is not a mono symbol file
Symbol file data-0000018F45033840 doesn't match image C:\Users\eduar\Documents\GitHub\GameJAM_UEA\GAME JAM UEA\Library\ScriptAssemblies\Unity.2D.Sprite.Editor.dll
Symbol file LoadedFromMemory is not a mono symbol file
Symbol file data-0000018F3F668640 doesn't match image C:\Users\eduar\Documents\GitHub\GameJAM_UEA\GAME JAM UEA\Library\ScriptAssemblies\Unity.Burst.CodeGen.dll
Symbol file LoadedFromMemory is not a mono symbol file
Symbol file data-0000018F3B123FC0 doesn't match image C:\Users\eduar\Documents\GitHub\GameJAM_UEA\GAME JAM UEA\Library\ScriptAssemblies\Unity.2D.Path.Editor.dll
Symbol file LoadedFromMemory is not a mono symbol file
Symbol file data-0000018F40DFDA20 doesn't match image C:\Users\eduar\Documents\GitHub\GameJAM_UEA\GAME JAM UEA\Library\ScriptAssemblies\Unity.VisualScripting.SettingsProvider.Editor.dll
Symbol file LoadedFromMemory is not a mono symbol file
Symbol file data-0000018F43FDB030 doesn't match image C:\Users\eduar\Documents\GitHub\GameJAM_UEA\GAME JAM UEA\Library\ScriptAssemblies\Unity.VisualScripting.Flow.dll
Symbol file LoadedFromMemory is not a mono symbol file
Symbol file data-0000018F446F6450 doesn't match image C:\Users\eduar\Documents\GitHub\GameJAM_UEA\GAME JAM UEA\Library\ScriptAssemblies\UnityEditor.UI.dll
Symbol file LoadedFromMemory is not a mono symbol file
Symbol file data-0000018F43FDB030 doesn't match image C:\Users\eduar\Documents\GitHub\GameJAM_UEA\GAME JAM UEA\Library\ScriptAssemblies\Unity.PlasticSCM.Editor.dll
Symbol file LoadedFromMemory is not a mono symbol file
Symbol file data-0000018F446F6450 doesn't match image C:\Users\eduar\Documents\GitHub\GameJAM_UEA\GAME JAM UEA\Library\ScriptAssemblies\Unity.Rider.Editor.dll
Symbol file LoadedFromMemory is not a mono symbol file
Symbol file data-0000018F40E35010 doesn't match image C:\Users\eduar\Documents\GitHub\GameJAM_UEA\GAME JAM UEA\Library\ScriptAssemblies\Unity.2D.Psdimporter.Editor.dll
Symbol file LoadedFromMemory is not a mono symbol file
Symbol file data-0000018F446F6450 doesn't match image C:\Users\eduar\Documents\GitHub\GameJAM_UEA\GAME JAM UEA\Library\ScriptAssemblies\Unity.Services.Core.Internal.dll
Symbol file LoadedFromMemory is not a mono symbol file
Symbol file data-0000018F45851CC0 doesn't match image C:\Users\eduar\Documents\GitHub\GameJAM_UEA\GAME JAM UEA\Library\ScriptAssemblies\UnityEngine.UI.dll
Symbol file LoadedFromMemory is not a mono symbol file
Symbol file data-0000018F446F6450 doesn't match image C:\Users\eduar\Documents\GitHub\GameJAM_UEA\GAME JAM UEA\Library\ScriptAssemblies\Unity.2D.Tilemap.Extras.Editor.dll
Symbol file LoadedFromMemory is not a mono symbol file
Symbol file data-0000018F44018240 doesn't match image C:\Users\eduar\Documents\GitHub\GameJAM_UEA\GAME JAM UEA\Library\ScriptAssemblies\Unity.InternalAPIEditorBridge.001.dll
Symbol file LoadedFromMemory is not a mono symbol file
Symbol file data-0000018F44018240 doesn't match image C:\Users\eduar\Documents\GitHub\GameJAM_UEA\GAME JAM UEA\Library\ScriptAssemblies\Unity.Services.Core.Configuration.dll
Symbol file LoadedFromMemory is not a mono symbol file
Symbol file data-0000018F44018240 doesn't match image C:\Users\eduar\Documents\GitHub\GameJAM_UEA\GAME JAM UEA\Library\ScriptAssemblies\Unity.Services.Core.dll
Symbol file LoadedFromMemory is not a mono symbol file
Symbol file data-0000018F437D0030 doesn't match image C:\Users\eduar\Documents\GitHub\GameJAM_UEA\GAME JAM UEA\Library\ScriptAssemblies\Unity.VisualScripting.Core.dll
Symbol file LoadedFromMemory is not a mono symbol file
Symbol file data-0000018F44797010 doesn't match image C:\Users\eduar\Documents\GitHub\GameJAM_UEA\GAME JAM UEA\Library\ScriptAssemblies\Unity.Mathematics.dll
Symbol file LoadedFromMemory is not a mono symbol file
Symbol file data-0000018F45044E50 doesn't match image C:\Users\eduar\Documents\GitHub\GameJAM_UEA\GAME JAM UEA\Library\ScriptAssemblies\Unity.2D.IK.Runtime.dll
Symbol file LoadedFromMemory is not a mono symbol file
Symbol file data-0000018F446F6450 doesn't match image C:\Users\eduar\Documents\GitHub\GameJAM_UEA\GAME JAM UEA\Library\ScriptAssemblies\Unity.Services.Core.Editor.dll
Symbol file LoadedFromMemory is not a mono symbol file
Symbol file data-0000018F40DFDA20 doesn't match image C:\Users\eduar\Documents\GitHub\GameJAM_UEA\GAME JAM UEA\Library\ScriptAssemblies\Unity.Services.Core.Configuration.Editor.dll
Symbol file LoadedFromMemory is not a mono symbol file
Symbol file data-0000018F40DFDA20 doesn't match image C:\Users\eduar\Documents\GitHub\GameJAM_UEA\GAME JAM UEA\Library\ScriptAssemblies\Unity.Services.Core.Analytics.dll
Symbol file LoadedFromMemory is not a mono symbol file
Symbol file data-0000018F437D0030 doesn't match image C:\Users\eduar\Documents\GitHub\GameJAM_UEA\GAME JAM UEA\Library\ScriptAssemblies\Unity.Burst.dll
Symbol file LoadedFromMemory is not a mono symbol file
Symbol file data-0000018F3F365C20 doesn't match image C:\Users\eduar\Documents\GitHub\GameJAM_UEA\GAME JAM UEA\Library\ScriptAssemblies\Unity.Services.Core.Registration.dll
Symbol file LoadedFromMemory is not a mono symbol file
Symbol file data-0000018F3F365C20 doesn't match image C:\Users\eduar\Documents\GitHub\GameJAM_UEA\GAME JAM UEA\Library\ScriptAssemblies\Unity.VisualScripting.Shared.Editor.dll
Symbol file LoadedFromMemory is not a mono symbol file
Symbol file data-0000018F3F365C20 doesn't match image C:\Users\eduar\Documents\GitHub\GameJAM_UEA\GAME JAM UEA\Library\ScriptAssemblies\Unity.Services.Core.Environments.dll
Symbol file LoadedFromMemory is not a mono symbol file
Symbol file data-0000018F4592A960 doesn't match image C:\Users\eduar\Documents\GitHub\GameJAM_UEA\GAME JAM UEA\Library\ScriptAssemblies\Unity.2D.Animation.Runtime.dll
Symbol file LoadedFromMemory is not a mono symbol file
Symbol file data-0000018F3F365C20 doesn't match image C:\Users\eduar\Documents\GitHub\GameJAM_UEA\GAME JAM UEA\Library\ScriptAssemblies\Unity.2D.PixelPerfect.Editor.dll
Symbol file LoadedFromMemory is not a mono symbol file
Symbol file data-0000018F3F365C20 doesn't match image C:\Users\eduar\Documents\GitHub\GameJAM_UEA\GAME JAM UEA\Library\ScriptAssemblies\Unity.Services.Core.Scheduler.dll
Symbol file LoadedFromMemory is not a mono symbol file
Symbol file data-0000018F3F365C20 doesn't match image C:\Users\eduar\Documents\GitHub\GameJAM_UEA\GAME JAM UEA\Library\ScriptAssemblies\Unity.Services.Core.Environments.Internal.dll
Symbol file LoadedFromMemory is not a mono symbol file
Symbol file data-0000018F3AF4E240 doesn't match image C:\Users\eduar\Documents\GitHub\GameJAM_UEA\GAME JAM UEA\Library\ScriptAssemblies\Unity.Timeline.Editor.dll
Symbol file LoadedFromMemory is not a mono symbol file
Symbol file data-0000018F3AF2D010 doesn't match image C:\Users\eduar\Documents\GitHub\GameJAM_UEA\GAME JAM UEA\Library\ScriptAssemblies\Unity.CollabProxy.Editor.dll
Symbol file LoadedFromMemory is not a mono symbol file
Symbol file data-0000018F3F365C20 doesn't match image C:\Users\eduar\Documents\GitHub\GameJAM_UEA\GAME JAM UEA\Library\ScriptAssemblies\Unity.Mathematics.Editor.dll
Symbol file LoadedFromMemory is not a mono symbol file
Symbol file data-0000018F3AF06020 doesn't match image C:\Users\eduar\Documents\GitHub\GameJAM_UEA\GAME JAM UEA\Library\ScriptAssemblies\Unity.Services.Core.Threading.dll
Symbol file LoadedFromMemory is not a mono symbol file
Symbol file data-0000018F4013A830 doesn't match image C:\Users\eduar\Documents\GitHub\GameJAM_UEA\GAME JAM UEA\Library\ScriptAssemblies\Unity.2D.Common.Runtime.dll
Symbol file LoadedFromMemory is not a mono symbol file
Symbol file data-0000018F3FF95890 doesn't match image C:\Users\eduar\Documents\GitHub\GameJAM_UEA\GAME JAM UEA\Library\ScriptAssemblies\Unity.2D.SpriteShape.Editor.dll
Symbol file LoadedFromMemory is not a mono symbol file
Symbol file data-0000018F3F668640 doesn't match image C:\Users\eduar\Documents\GitHub\GameJAM_UEA\GAME JAM UEA\Library\ScriptAssemblies\Unity.2D.Common.Editor.dll
Symbol file LoadedFromMemory is not a mono symbol file
Symbol file data-0000018F437F8840 doesn't match image C:\Users\eduar\Documents\GitHub\GameJAM_UEA\GAME JAM UEA\Library\ScriptAssemblies\Unity.2D.SpriteShape.Runtime.dll
Symbol file LoadedFromMemory is not a mono symbol file
Symbol file data-0000018F4013A830 doesn't match image C:\Users\eduar\Documents\GitHub\GameJAM_UEA\GAME JAM UEA\Library\ScriptAssemblies\Unity.VisualScripting.State.dll
Symbol file LoadedFromMemory is not a mono symbol file
Symbol file data-0000018F3AF06020 doesn't match image C:\Users\eduar\Documents\GitHub\GameJAM_UEA\GAME JAM UEA\Library\ScriptAssemblies\Unity.Services.Core.Device.dll
Symbol file LoadedFromMemory is not a mono symbol file
Symbol file LoadedFromMemory doesn't match image C:\Users\eduar\Documents\GitHub\GameJAM_UEA\GAME JAM UEA\Library\PackageCache\com.unity.visualscripting@1.7.8\Editor\VisualScripting.Core\Dependencies\YamlDotNet\Unity.VisualScripting.YamlDotNet.dll
Symbol file LoadedFromMemory doesn't match image C:\Users\eduar\Documents\GitHub\GameJAM_UEA\GAME JAM UEA\Library\PackageCache\com.unity.visualscripting@1.7.8\Editor\VisualScripting.Core\Dependencies\DotNetZip\Unity.VisualScripting.IonicZip.dll
Native extension for WindowsStandalone target not found
Native extension for Android target not found
Refreshing native plugins compatible for Editor in 0.99 ms, found 4 plugins.
Preloading 0 native plugins for Editor in 0.00 ms.
Mono: successfully reloaded assembly
- Completed reload, in  1.181 seconds
Domain Reload Profiling:
	ReloadAssembly (1182ms)
		BeginReloadAssembly (143ms)
			ExecutionOrderSort (0ms)
			DisableScriptedObjects (7ms)
			BackupInstance (0ms)
			ReleaseScriptingObjects (0ms)
			CreateAndSetChildDomain (42ms)
		EndReloadAssembly (924ms)
			LoadAssemblies (102ms)
			RebuildTransferFunctionScriptingTraits (0ms)
			SetupTypeCache (310ms)
			ReleaseScriptCaches (1ms)
			RebuildScriptCaches (58ms)
			SetupLoadedEditorAssemblies (391ms)
				LogAssemblyErrors (0ms)
				InitializePlatformSupportModulesInManaged (24ms)
				SetLoadedEditorAssemblies (1ms)
				RefreshPlugins (1ms)
				BeforeProcessingInitializeOnLoad (89ms)
				ProcessInitializeOnLoadAttributes (219ms)
				ProcessInitializeOnLoadMethodAttributes (46ms)
				AfterProcessingInitializeOnLoad (10ms)
				EditorAssembliesLoaded (0ms)
			ExecutionOrderSort2 (0ms)
			AwakeInstancesAfterBackupRestoration (8ms)
Platform modules already initialized, skipping
Refreshing native plugins compatible for Editor in 2.68 ms, found 4 plugins.
Preloading 0 native plugins for Editor in 0.00 ms.
Unloading 4068 Unused Serialized files (Serialized files now loaded: 0)
Unloading 31 unused Assets / (190.8 KB). Loaded Objects now: 4529.
Memory consumption went from 151.5 MB to 151.3 MB.
Total: 3.933900 ms (FindLiveObjects: 0.392400 ms CreateObjectMapping: 0.371400 ms MarkObjects: 2.960800 ms  DeleteObjects: 0.208300 ms)

AssetImportParameters requested are different than current active one (requested -> active):
  custom:video-decoder-ogg-theora: a1e56fd34408186e4bbccfd4996cb3dc -> 
  custom:container-muxer-webm: aa71ff27fc2769a1b78a27578f13a17b -> 
  custom:container-demuxer-webm: 4f35f7cbe854078d1ac9338744f61a02 -> 
  custom:video-encoder-webm-vp8: eb34c28f22e8b96e1ab97ce403110664 -> 
  custom:audio-encoder-webm-vorbis: bf7c407c2cedff20999df2af8eb42d56 -> 
  custom:framework-win-MediaFoundation: 216162199b28c13a410421893ffa2e32 -> 
  custom:container-demuxer-ogg: 62fdf1f143b41e24485cea50d1cbac27 -> 
  custom:video-decoder-webm-vp8: 9c59270c3fd7afecdb556c50c9e8de78 -> 
  custom:audio-decoder-ogg-vorbis: bf7c407c2cedff20999df2af8eb42d56 -> 
Editor requested this worker to shutdown with reason: Scaling down because of idle timeout
AssetImportWorker is now disconnected from the server
Process exiting
Exiting without the bug reporter. Application will terminate with return code 0