Using pre-set license
Built from '2021.3/staging' branch; Version is '2021.3.9f1 (ad3870b89536) revision 11352176'; Using compiler version '192829333'; Build Type 'Release'
OS: 'Windows 10  (10.0.19044) 64bit Professional' Language: 'pt' Physical Memory: 16252 MB
BatchMode: 1, IsHumanControllingUs: 0, StartBugReporterOnCrash: 0, Is64bit: 1, IsPro: 1

COMMAND LINE ARGUMENTS:
C:\Program Files\Unity\Hub\Editor\2021.3.9f1\Editor\Unity.exe
-adb2
-batchMode
-noUpm
-name
AssetImportWorker1
-projectPath
C:/Users/eduar/Documents/GitHub/GameJAM_UEA/GAME JAM UEA
-logFile
Logs/AssetImportWorker1.log
-srvPort
64063
Successfully changed project path to: C:/Users/eduar/Documents/GitHub/GameJAM_UEA/GAME JAM UEA
C:/Users/eduar/Documents/GitHub/GameJAM_UEA/GAME JAM UEA
[UnityMemory] Configuration Parameters - Can be set up in boot.config
    "memorysetup-bucket-allocator-granularity=16"
    "memorysetup-bucket-allocator-bucket-count=8"
    "memorysetup-bucket-allocator-block-size=33554432"
    "memorysetup-bucket-allocator-block-count=8"
    "memorysetup-main-allocator-block-size=16777216"
    "memorysetup-thread-allocator-block-size=16777216"
    "memorysetup-gfx-main-allocator-block-size=16777216"
    "memorysetup-gfx-thread-allocator-block-size=16777216"
    "memorysetup-cache-allocator-block-size=4194304"
    "memorysetup-typetree-allocator-block-size=2097152"
    "memorysetup-profiler-bucket-allocator-granularity=16"
    "memorysetup-profiler-bucket-allocator-bucket-count=8"
    "memorysetup-profiler-bucket-allocator-block-size=33554432"
    "memorysetup-profiler-bucket-allocator-block-count=8"
    "memorysetup-profiler-allocator-block-size=16777216"
    "memorysetup-profiler-editor-allocator-block-size=1048576"
    "memorysetup-temp-allocator-size-main=16777216"
    "memorysetup-job-temp-allocator-block-size=2097152"
    "memorysetup-job-temp-allocator-block-size-background=1048576"
    "memorysetup-job-temp-allocator-reduction-small-platforms=262144"
    "memorysetup-temp-allocator-size-background-worker=32768"
    "memorysetup-temp-allocator-size-job-worker=262144"
    "memorysetup-temp-allocator-size-preload-manager=33554432"
    "memorysetup-temp-allocator-size-nav-mesh-worker=65536"
    "memorysetup-temp-allocator-size-audio-worker=65536"
    "memorysetup-temp-allocator-size-cloud-worker=32768"
    "memorysetup-temp-allocator-size-gi-baking-worker=262144"
    "memorysetup-temp-allocator-size-gfx=262144"
Refreshing native plugins compatible for Editor in 97.31 ms, found 4 plugins.
Preloading 0 native plugins for Editor in 0.00 ms.
Initialize engine version: 2021.3.9f1 (ad3870b89536)
[Subsystems] Discovering subsystems at path C:/Program Files/Unity/Hub/Editor/2021.3.9f1/Editor/Data/Resources/UnitySubsystems
[Subsystems] Discovering subsystems at path C:/Users/eduar/Documents/GitHub/GameJAM_UEA/GAME JAM UEA/Assets
GfxDevice: creating device client; threaded=0; jobified=0
Direct3D:
    Version:  Direct3D 11.0 [level 11.1]
    Renderer: NVIDIA GeForce GTX 1650 (ID=0x1f99)
    Vendor:   NVIDIA
    VRAM:     3962 MB
    Driver:   31.0.15.1694
Initialize mono
Mono path[0] = 'C:/Program Files/Unity/Hub/Editor/2021.3.9f1/Editor/Data/Managed'
Mono path[1] = 'C:/Program Files/Unity/Hub/Editor/2021.3.9f1/Editor/Data/MonoBleedingEdge/lib/mono/unityjit-win32'
Mono config path = 'C:/Program Files/Unity/Hub/Editor/2021.3.9f1/Editor/Data/MonoBleedingEdge/etc'
Using monoOptions --debugger-agent=transport=dt_socket,embedding=1,server=y,suspend=n,address=127.0.0.1:56696
Begin MonoManager ReloadAssembly
Registering precompiled unity dll's ...
Register platform support module: C:/Program Files/Unity/Hub/Editor/2021.3.9f1/Editor/Data/PlaybackEngines/AndroidPlayer/UnityEditor.Android.Extensions.dll
Register platform support module: C:/Program Files/Unity/Hub/Editor/2021.3.9f1/Editor/Data/PlaybackEngines/WindowsStandaloneSupport/UnityEditor.WindowsStandalone.Extensions.dll
Registered in 0.007564 seconds.
Native extension for WindowsStandalone target not found
Native extension for Android target not found
Refreshing native plugins compatible for Editor in 85.27 ms, found 4 plugins.
Preloading 0 native plugins for Editor in 0.00 ms.
Mono: successfully reloaded assembly
- Completed reload, in  0.635 seconds
Domain Reload Profiling:
	ReloadAssembly (636ms)
		BeginReloadAssembly (75ms)
			ExecutionOrderSort (0ms)
			DisableScriptedObjects (0ms)
			BackupInstance (0ms)
			ReleaseScriptingObjects (0ms)
			CreateAndSetChildDomain (1ms)
		EndReloadAssembly (454ms)
			LoadAssemblies (72ms)
			RebuildTransferFunctionScriptingTraits (0ms)
			SetupTypeCache (102ms)
			ReleaseScriptCaches (0ms)
			RebuildScriptCaches (25ms)
			SetupLoadedEditorAssemblies (279ms)
				LogAssemblyErrors (0ms)
				InitializePlatformSupportModulesInManaged (51ms)
				SetLoadedEditorAssemblies (0ms)
				RefreshPlugins (85ms)
				BeforeProcessingInitializeOnLoad (1ms)
				ProcessInitializeOnLoadAttributes (100ms)
				ProcessInitializeOnLoadMethodAttributes (41ms)
				AfterProcessingInitializeOnLoad (0ms)
				EditorAssembliesLoaded (0ms)
			ExecutionOrderSort2 (0ms)
			AwakeInstancesAfterBackupRestoration (0ms)
Platform modules already initialized, skipping
Registering precompiled user dll's ...
Registered in 0.008260 seconds.
Begin MonoManager ReloadAssembly
Symbol file data-0000020A3F1ED020 doesn't match image C:\Users\eduar\Documents\GitHub\GameJAM_UEA\GAME JAM UEA\Library\ScriptAssemblies\Unity.VisualScripting.Flow.Editor.dll
Symbol file LoadedFromMemory is not a mono symbol file
Symbol file data-0000020A3F180230 doesn't match image C:\Users\eduar\Documents\GitHub\GameJAM_UEA\GAME JAM UEA\Library\ScriptAssemblies\Unity.2D.Tilemap.Extras.dll
Symbol file LoadedFromMemory is not a mono symbol file
Symbol file data-0000020A3F1F6630 doesn't match image C:\Users\eduar\Documents\GitHub\GameJAM_UEA\GAME JAM UEA\Library\ScriptAssemblies\Unity.2D.Animation.Editor.dll
Symbol file LoadedFromMemory is not a mono symbol file
Symbol file data-0000020A3ECA9C90 doesn't match image C:\Users\eduar\Documents\GitHub\GameJAM_UEA\GAME JAM UEA\Library\ScriptAssemblies\Unity.InternalAPIEngineBridge.001.dll
Symbol file LoadedFromMemory is not a mono symbol file
Symbol file data-0000020A3FBE8430 doesn't match image C:\Users\eduar\Documents\GitHub\GameJAM_UEA\GAME JAM UEA\Library\ScriptAssemblies\Unity.VSCode.Editor.dll
Symbol file LoadedFromMemory is not a mono symbol file
Symbol file data-0000020A3FBE8430 doesn't match image C:\Users\eduar\Documents\GitHub\GameJAM_UEA\GAME JAM UEA\Library\ScriptAssemblies\Unity.2D.PixelPerfect.dll
Symbol file LoadedFromMemory is not a mono symbol file
Symbol file data-0000020A3EF54010 doesn't match image C:\Users\eduar\Documents\GitHub\GameJAM_UEA\GAME JAM UEA\Library\ScriptAssemblies\Unity.2D.Tilemap.Editor.dll
Symbol file LoadedFromMemory is not a mono symbol file
Symbol file data-0000020A3EF67420 doesn't match image C:\Users\eduar\Documents\GitHub\GameJAM_UEA\GAME JAM UEA\Library\ScriptAssemblies\PsdPlugin.dll
Symbol file LoadedFromMemory is not a mono symbol file
Symbol file data-0000020A3EF67420 doesn't match image C:\Users\eduar\Documents\GitHub\GameJAM_UEA\GAME JAM UEA\Library\ScriptAssemblies\Unity.TextMeshPro.Editor.dll
Symbol file LoadedFromMemory is not a mono symbol file
Symbol file data-0000020A3F180230 doesn't match image C:\Users\eduar\Documents\GitHub\GameJAM_UEA\GAME JAM UEA\Library\ScriptAssemblies\Unity.Services.Core.Telemetry.dll
Symbol file LoadedFromMemory is not a mono symbol file
Symbol file data-0000020A3F0F1820 doesn't match image C:\Users\eduar\Documents\GitHub\GameJAM_UEA\GAME JAM UEA\Library\ScriptAssemblies\Unity.VisualStudio.Editor.dll
Symbol file LoadedFromMemory is not a mono symbol file
Symbol file data-0000020A3F0F1820 doesn't match image C:\Users\eduar\Documents\GitHub\GameJAM_UEA\GAME JAM UEA\Library\ScriptAssemblies\UnityEngine.TestRunner.dll
Symbol file LoadedFromMemory is not a mono symbol file
Symbol file data-0000020A3E50EC20 doesn't match image C:\Users\eduar\Documents\GitHub\GameJAM_UEA\GAME JAM UEA\Library\ScriptAssemblies\Unity.Timeline.dll
Symbol file LoadedFromMemory is not a mono symbol file
Symbol file data-0000020A4011F010 doesn't match image C:\Users\eduar\Documents\GitHub\GameJAM_UEA\GAME JAM UEA\Library\ScriptAssemblies\Unity.VisualScripting.Core.Editor.dll
Symbol file LoadedFromMemory is not a mono symbol file
Symbol file data-0000020A3E50EC20 doesn't match image C:\Users\eduar\Documents\GitHub\GameJAM_UEA\GAME JAM UEA\Library\ScriptAssemblies\Unity.TextMeshPro.dll
Symbol file LoadedFromMemory is not a mono symbol file
Symbol file data-0000020A3F0F1820 doesn't match image C:\Users\eduar\Documents\GitHub\GameJAM_UEA\GAME JAM UEA\Library\ScriptAssemblies\Unity.VisualScripting.State.Editor.dll
Symbol file LoadedFromMemory is not a mono symbol file
Symbol file data-0000020A3F0F1820 doesn't match image C:\Users\eduar\Documents\GitHub\GameJAM_UEA\GAME JAM UEA\Library\ScriptAssemblies\Unity.Burst.Editor.dll
Symbol file LoadedFromMemory is not a mono symbol file
Symbol file data-0000020A3E524030 doesn't match image C:\Users\eduar\Documents\GitHub\GameJAM_UEA\GAME JAM UEA\Library\ScriptAssemblies\UnityEditor.TestRunner.dll
Symbol file LoadedFromMemory is not a mono symbol file
Symbol file data-0000020A3F22AA50 doesn't match image C:\Users\eduar\Documents\GitHub\GameJAM_UEA\GAME JAM UEA\Library\ScriptAssemblies\Unity.Services.Core.Networking.dll
Symbol file LoadedFromMemory is not a mono symbol file
Symbol file data-0000020A40174640 doesn't match image C:\Users\eduar\Documents\GitHub\GameJAM_UEA\GAME JAM UEA\Library\ScriptAssemblies\Unity.2D.IK.Editor.dll
Symbol file LoadedFromMemory is not a mono symbol file
Symbol file data-0000020A3E524030 doesn't match image C:\Users\eduar\Documents\GitHub\GameJAM_UEA\GAME JAM UEA\Library\ScriptAssemblies\Unity.2D.Sprite.Editor.dll
Symbol file LoadedFromMemory is not a mono symbol file
Symbol file data-0000020A40174640 doesn't match image C:\Users\eduar\Documents\GitHub\GameJAM_UEA\GAME JAM UEA\Library\ScriptAssemblies\Unity.Burst.CodeGen.dll
Symbol file LoadedFromMemory is not a mono symbol file
Symbol file data-0000020A3E96A610 doesn't match image C:\Users\eduar\Documents\GitHub\GameJAM_UEA\GAME JAM UEA\Library\ScriptAssemblies\Unity.2D.Path.Editor.dll
Symbol file LoadedFromMemory is not a mono symbol file
Symbol file data-0000020A3F22AA50 doesn't match image C:\Users\eduar\Documents\GitHub\GameJAM_UEA\GAME JAM UEA\Library\ScriptAssemblies\Unity.VisualScripting.SettingsProvider.Editor.dll
Symbol file LoadedFromMemory is not a mono symbol file
Symbol file data-0000020A3E96A610 doesn't match image C:\Users\eduar\Documents\GitHub\GameJAM_UEA\GAME JAM UEA\Library\ScriptAssemblies\Unity.VisualScripting.Flow.dll
Symbol file LoadedFromMemory is not a mono symbol file
Symbol file data-0000020A3E97F820 doesn't match image C:\Users\eduar\Documents\GitHub\GameJAM_UEA\GAME JAM UEA\Library\ScriptAssemblies\UnityEditor.UI.dll
Symbol file LoadedFromMemory is not a mono symbol file
Symbol file data-0000020A3ED022F0 doesn't match image C:\Users\eduar\Documents\GitHub\GameJAM_UEA\GAME JAM UEA\Library\ScriptAssemblies\Unity.PlasticSCM.Editor.dll
Symbol file LoadedFromMemory is not a mono symbol file
Symbol file data-0000020A3E535640 doesn't match image C:\Users\eduar\Documents\GitHub\GameJAM_UEA\GAME JAM UEA\Library\ScriptAssemblies\Unity.Rider.Editor.dll
Symbol file LoadedFromMemory is not a mono symbol file
Symbol file data-0000020A3E992430 doesn't match image C:\Users\eduar\Documents\GitHub\GameJAM_UEA\GAME JAM UEA\Library\ScriptAssemblies\Unity.2D.Psdimporter.Editor.dll
Symbol file LoadedFromMemory is not a mono symbol file
Symbol file data-0000020A3E535640 doesn't match image C:\Users\eduar\Documents\GitHub\GameJAM_UEA\GAME JAM UEA\Library\ScriptAssemblies\Unity.Services.Core.Internal.dll
Symbol file LoadedFromMemory is not a mono symbol file
Symbol file data-0000020A3A7E0220 doesn't match image C:\Users\eduar\Documents\GitHub\GameJAM_UEA\GAME JAM UEA\Library\ScriptAssemblies\UnityEngine.UI.dll
Symbol file LoadedFromMemory is not a mono symbol file
Symbol file data-0000020A3E535640 doesn't match image C:\Users\eduar\Documents\GitHub\GameJAM_UEA\GAME JAM UEA\Library\ScriptAssemblies\Unity.2D.Tilemap.Extras.Editor.dll
Symbol file LoadedFromMemory is not a mono symbol file
Symbol file data-0000020A3F22AA50 doesn't match image C:\Users\eduar\Documents\GitHub\GameJAM_UEA\GAME JAM UEA\Library\ScriptAssemblies\Unity.InternalAPIEditorBridge.001.dll
Symbol file LoadedFromMemory is not a mono symbol file
Symbol file data-0000020A3F22AA50 doesn't match image C:\Users\eduar\Documents\GitHub\GameJAM_UEA\GAME JAM UEA\Library\ScriptAssemblies\Unity.Services.Core.Configuration.dll
Symbol file LoadedFromMemory is not a mono symbol file
Symbol file data-0000020A3F22AA50 doesn't match image C:\Users\eduar\Documents\GitHub\GameJAM_UEA\GAME JAM UEA\Library\ScriptAssemblies\Unity.Services.Core.dll
Symbol file LoadedFromMemory is not a mono symbol file
Symbol file data-0000020A3A7F0230 doesn't match image C:\Users\eduar\Documents\GitHub\GameJAM_UEA\GAME JAM UEA\Library\ScriptAssemblies\Unity.VisualScripting.Core.dll
Symbol file LoadedFromMemory is not a mono symbol file
Symbol file data-0000020A3E887010 doesn't match image C:\Users\eduar\Documents\GitHub\GameJAM_UEA\GAME JAM UEA\Library\ScriptAssemblies\Unity.Mathematics.dll
Symbol file LoadedFromMemory is not a mono symbol file
Symbol file data-0000020A3ED35710 doesn't match image C:\Users\eduar\Documents\GitHub\GameJAM_UEA\GAME JAM UEA\Library\ScriptAssemblies\Unity.2D.IK.Runtime.dll
Symbol file LoadedFromMemory is not a mono symbol file
Symbol file data-0000020A3E535640 doesn't match image C:\Users\eduar\Documents\GitHub\GameJAM_UEA\GAME JAM UEA\Library\ScriptAssemblies\Unity.Services.Core.Editor.dll
Symbol file LoadedFromMemory is not a mono symbol file
Symbol file data-0000020A3ED35710 doesn't match image C:\Users\eduar\Documents\GitHub\GameJAM_UEA\GAME JAM UEA\Library\ScriptAssemblies\Unity.Services.Core.Configuration.Editor.dll
Symbol file LoadedFromMemory is not a mono symbol file
Symbol file data-0000020A401E4040 doesn't match image C:\Users\eduar\Documents\GitHub\GameJAM_UEA\GAME JAM UEA\Library\ScriptAssemblies\Unity.Services.Core.Analytics.dll
Symbol file LoadedFromMemory is not a mono symbol file
Symbol file data-0000020A3A7F0230 doesn't match image C:\Users\eduar\Documents\GitHub\GameJAM_UEA\GAME JAM UEA\Library\ScriptAssemblies\Unity.Burst.dll
Symbol file LoadedFromMemory is not a mono symbol file
Symbol file data-0000020A3E535640 doesn't match image C:\Users\eduar\Documents\GitHub\GameJAM_UEA\GAME JAM UEA\Library\ScriptAssemblies\Unity.Services.Core.Registration.dll
Symbol file LoadedFromMemory is not a mono symbol file
Symbol file data-0000020A3E535640 doesn't match image C:\Users\eduar\Documents\GitHub\GameJAM_UEA\GAME JAM UEA\Library\ScriptAssemblies\Unity.VisualScripting.Shared.Editor.dll
Symbol file LoadedFromMemory is not a mono symbol file
Symbol file data-0000020A401E4040 doesn't match image C:\Users\eduar\Documents\GitHub\GameJAM_UEA\GAME JAM UEA\Library\ScriptAssemblies\Unity.Services.Core.Environments.dll
Symbol file LoadedFromMemory is not a mono symbol file
Symbol file data-0000020A3E535640 doesn't match image C:\Users\eduar\Documents\GitHub\GameJAM_UEA\GAME JAM UEA\Library\ScriptAssemblies\Unity.2D.Animation.Runtime.dll
Symbol file LoadedFromMemory is not a mono symbol file
Symbol file data-0000020A3E535640 doesn't match image C:\Users\eduar\Documents\GitHub\GameJAM_UEA\GAME JAM UEA\Library\ScriptAssemblies\Unity.2D.PixelPerfect.Editor.dll
Symbol file LoadedFromMemory is not a mono symbol file
Symbol file data-0000020A3E535640 doesn't match image C:\Users\eduar\Documents\GitHub\GameJAM_UEA\GAME JAM UEA\Library\ScriptAssemblies\Unity.Services.Core.Scheduler.dll
Symbol file LoadedFromMemory is not a mono symbol file
Symbol file data-0000020A401E4040 doesn't match image C:\Users\eduar\Documents\GitHub\GameJAM_UEA\GAME JAM UEA\Library\ScriptAssemblies\Unity.Services.Core.Environments.Internal.dll
Symbol file LoadedFromMemory is not a mono symbol file
Symbol file data-0000020A3E8D8A20 doesn't match image C:\Users\eduar\Documents\GitHub\GameJAM_UEA\GAME JAM UEA\Library\ScriptAssemblies\Unity.Timeline.Editor.dll
Symbol file LoadedFromMemory is not a mono symbol file
Symbol file data-0000020A3E640020 doesn't match image C:\Users\eduar\Documents\GitHub\GameJAM_UEA\GAME JAM UEA\Library\ScriptAssemblies\Unity.CollabProxy.Editor.dll
Symbol file LoadedFromMemory is not a mono symbol file
Symbol file data-0000020A3A828A50 doesn't match image C:\Users\eduar\Documents\GitHub\GameJAM_UEA\GAME JAM UEA\Library\ScriptAssemblies\Unity.Mathematics.Editor.dll
Symbol file LoadedFromMemory is not a mono symbol file
Symbol file data-0000020A3FF85E40 doesn't match image C:\Users\eduar\Documents\GitHub\GameJAM_UEA\GAME JAM UEA\Library\ScriptAssemblies\Unity.Services.Core.Threading.dll
Symbol file LoadedFromMemory is not a mono symbol file
Symbol file data-0000020A3EA26A20 doesn't match image C:\Users\eduar\Documents\GitHub\GameJAM_UEA\GAME JAM UEA\Library\ScriptAssemblies\Unity.2D.Common.Runtime.dll
Symbol file LoadedFromMemory is not a mono symbol file
Symbol file data-0000020A3EA26A20 doesn't match image C:\Users\eduar\Documents\GitHub\GameJAM_UEA\GAME JAM UEA\Library\ScriptAssemblies\Unity.2D.SpriteShape.Editor.dll
Symbol file LoadedFromMemory is not a mono symbol file
Symbol file data-0000020A3E654430 doesn't match image C:\Users\eduar\Documents\GitHub\GameJAM_UEA\GAME JAM UEA\Library\ScriptAssemblies\Unity.2D.Common.Editor.dll
Symbol file LoadedFromMemory is not a mono symbol file
Symbol file data-0000020A3E66C840 doesn't match image C:\Users\eduar\Documents\GitHub\GameJAM_UEA\GAME JAM UEA\Library\ScriptAssemblies\Unity.2D.SpriteShape.Runtime.dll
Symbol file LoadedFromMemory is not a mono symbol file
Symbol file data-0000020A3EA2EA30 doesn't match image C:\Users\eduar\Documents\GitHub\GameJAM_UEA\GAME JAM UEA\Library\ScriptAssemblies\Unity.VisualScripting.State.dll
Symbol file LoadedFromMemory is not a mono symbol file
Symbol file data-0000020A3EA2EA30 doesn't match image C:\Users\eduar\Documents\GitHub\GameJAM_UEA\GAME JAM UEA\Library\ScriptAssemblies\Unity.Services.Core.Device.dll
Symbol file LoadedFromMemory is not a mono symbol file
Symbol file LoadedFromMemory doesn't match image C:\Users\eduar\Documents\GitHub\GameJAM_UEA\GAME JAM UEA\Library\PackageCache\com.unity.visualscripting@1.7.8\Editor\VisualScripting.Core\Dependencies\YamlDotNet\Unity.VisualScripting.YamlDotNet.dll
Symbol file LoadedFromMemory doesn't match image C:\Users\eduar\Documents\GitHub\GameJAM_UEA\GAME JAM UEA\Library\PackageCache\com.unity.visualscripting@1.7.8\Editor\VisualScripting.Core\Dependencies\DotNetZip\Unity.VisualScripting.IonicZip.dll
Native extension for WindowsStandalone target not found
Native extension for Android target not found
Refreshing native plugins compatible for Editor in 90.04 ms, found 4 plugins.
Preloading 0 native plugins for Editor in 0.00 ms.
Mono: successfully reloaded assembly
- Completed reload, in  1.285 seconds
Domain Reload Profiling:
	ReloadAssembly (1286ms)
		BeginReloadAssembly (228ms)
			ExecutionOrderSort (0ms)
			DisableScriptedObjects (6ms)
			BackupInstance (0ms)
			ReleaseScriptingObjects (0ms)
			CreateAndSetChildDomain (126ms)
		EndReloadAssembly (943ms)
			LoadAssemblies (93ms)
			RebuildTransferFunctionScriptingTraits (0ms)
			SetupTypeCache (259ms)
			ReleaseScriptCaches (1ms)
			RebuildScriptCaches (69ms)
			SetupLoadedEditorAssemblies (482ms)
				LogAssemblyErrors (0ms)
				InitializePlatformSupportModulesInManaged (14ms)
				SetLoadedEditorAssemblies (0ms)
				RefreshPlugins (90ms)
				BeforeProcessingInitializeOnLoad (104ms)
				ProcessInitializeOnLoadAttributes (223ms)
				ProcessInitializeOnLoadMethodAttributes (43ms)
				AfterProcessingInitializeOnLoad (8ms)
				EditorAssembliesLoaded (0ms)
			ExecutionOrderSort2 (0ms)
			AwakeInstancesAfterBackupRestoration (5ms)
Platform modules already initialized, skipping
========================================================================
Worker process is ready to serve import requests
Launched and connected shader compiler UnityShaderCompiler.exe after 0.03 seconds
Refreshing native plugins compatible for Editor in 0.80 ms, found 4 plugins.
Preloading 0 native plugins for Editor in 0.00 ms.
Unloading 4073 Unused Serialized files (Serialized files now loaded: 0)
Unloading 44 unused Assets / (223.9 KB). Loaded Objects now: 4526.
Memory consumption went from 151.5 MB to 151.3 MB.
Total: 3.431000 ms (FindLiveObjects: 0.329900 ms CreateObjectMapping: 0.309900 ms MarkObjects: 2.638600 ms  DeleteObjects: 0.151900 ms)

AssetImportParameters requested are different than current active one (requested -> active):
  custom:video-decoder-ogg-theora: a1e56fd34408186e4bbccfd4996cb3dc -> 
  custom:container-muxer-webm: aa71ff27fc2769a1b78a27578f13a17b -> 
  custom:container-demuxer-webm: 4f35f7cbe854078d1ac9338744f61a02 -> 
  custom:video-encoder-webm-vp8: eb34c28f22e8b96e1ab97ce403110664 -> 
  custom:audio-encoder-webm-vorbis: bf7c407c2cedff20999df2af8eb42d56 -> 
  custom:framework-win-MediaFoundation: 216162199b28c13a410421893ffa2e32 -> 
  custom:container-demuxer-ogg: 62fdf1f143b41e24485cea50d1cbac27 -> 
  custom:video-decoder-webm-vp8: 9c59270c3fd7afecdb556c50c9e8de78 -> 
  custom:audio-decoder-ogg-vorbis: bf7c407c2cedff20999df2af8eb42d56 -> 
========================================================================
Received Prepare
Registering precompiled user dll's ...
Registered in 0.009941 seconds.
Begin MonoManager ReloadAssembly
Symbol file data-0000020A40916010 doesn't match image C:\Users\eduar\Documents\GitHub\GameJAM_UEA\GAME JAM UEA\Library\ScriptAssemblies\Unity.VisualScripting.Flow.Editor.dll
Symbol file LoadedFromMemory is not a mono symbol file
Symbol file data-0000020A41098780 doesn't match image C:\Users\eduar\Documents\GitHub\GameJAM_UEA\GAME JAM UEA\Library\ScriptAssemblies\Unity.2D.Tilemap.Extras.dll
Symbol file LoadedFromMemory is not a mono symbol file
Symbol file data-0000020A431BA010 doesn't match image C:\Users\eduar\Documents\GitHub\GameJAM_UEA\GAME JAM UEA\Library\ScriptAssemblies\Unity.2D.Animation.Editor.dll
Symbol file LoadedFromMemory is not a mono symbol file
Symbol file data-0000020A4074E3A0 doesn't match image C:\Users\eduar\Documents\GitHub\GameJAM_UEA\GAME JAM UEA\Library\ScriptAssemblies\Unity.InternalAPIEngineBridge.001.dll
Symbol file LoadedFromMemory is not a mono symbol file
Symbol file data-0000020A4353A450 doesn't match image C:\Users\eduar\Documents\GitHub\GameJAM_UEA\GAME JAM UEA\Library\ScriptAssemblies\Unity.VSCode.Editor.dll
Symbol file LoadedFromMemory is not a mono symbol file
Symbol file data-0000020A4074E3A0 doesn't match image C:\Users\eduar\Documents\GitHub\GameJAM_UEA\GAME JAM UEA\Library\ScriptAssemblies\Unity.2D.PixelPerfect.dll
Symbol file LoadedFromMemory is not a mono symbol file
Symbol file data-0000020A3A83ACF0 doesn't match image C:\Users\eduar\Documents\GitHub\GameJAM_UEA\GAME JAM UEA\Library\ScriptAssemblies\Unity.2D.Tilemap.Editor.dll
Symbol file LoadedFromMemory is not a mono symbol file
Symbol file data-0000020A3FE1BF20 doesn't match image C:\Users\eduar\Documents\GitHub\GameJAM_UEA\GAME JAM UEA\Library\ScriptAssemblies\PsdPlugin.dll
Symbol file LoadedFromMemory is not a mono symbol file
Symbol file data-0000020A44B49010 doesn't match image C:\Users\eduar\Documents\GitHub\GameJAM_UEA\GAME JAM UEA\Library\ScriptAssemblies\Unity.TextMeshPro.Editor.dll
Symbol file LoadedFromMemory is not a mono symbol file
Symbol file data-0000020A41098780 doesn't match image C:\Users\eduar\Documents\GitHub\GameJAM_UEA\GAME JAM UEA\Library\ScriptAssemblies\Unity.Services.Core.Telemetry.dll
Symbol file LoadedFromMemory is not a mono symbol file
Symbol file data-0000020A3FE1BF20 doesn't match image C:\Users\eduar\Documents\GitHub\GameJAM_UEA\GAME JAM UEA\Library\ScriptAssemblies\Unity.VisualStudio.Editor.dll
Symbol file LoadedFromMemory is not a mono symbol file
Symbol file data-0000020A3FE1BF20 doesn't match image C:\Users\eduar\Documents\GitHub\GameJAM_UEA\GAME JAM UEA\Library\ScriptAssemblies\UnityEngine.TestRunner.dll
Symbol file LoadedFromMemory is not a mono symbol file
Symbol file data-0000020A440C6020 doesn't match image C:\Users\eduar\Documents\GitHub\GameJAM_UEA\GAME JAM UEA\Library\ScriptAssemblies\Unity.Timeline.dll
Symbol file LoadedFromMemory is not a mono symbol file
Symbol file data-0000020A43266010 doesn't match image C:\Users\eduar\Documents\GitHub\GameJAM_UEA\GAME JAM UEA\Library\ScriptAssemblies\Unity.VisualScripting.Core.Editor.dll
Symbol file LoadedFromMemory is not a mono symbol file
Symbol file data-0000020A3A800240 doesn't match image C:\Users\eduar\Documents\GitHub\GameJAM_UEA\GAME JAM UEA\Library\ScriptAssemblies\Unity.TextMeshPro.dll
Symbol file LoadedFromMemory is not a mono symbol file
Symbol file data-0000020A3FE1BF20 doesn't match image C:\Users\eduar\Documents\GitHub\GameJAM_UEA\GAME JAM UEA\Library\ScriptAssemblies\Unity.VisualScripting.State.Editor.dll
Symbol file LoadedFromMemory is not a mono symbol file
Symbol file data-0000020A3FE1BF20 doesn't match image C:\Users\eduar\Documents\GitHub\GameJAM_UEA\GAME JAM UEA\Library\ScriptAssemblies\Unity.Burst.Editor.dll
Symbol file LoadedFromMemory is not a mono symbol file
Symbol file data-0000020A41B2E010 doesn't match image C:\Users\eduar\Documents\GitHub\GameJAM_UEA\GAME JAM UEA\Library\ScriptAssemblies\UnityEditor.TestRunner.dll
Symbol file LoadedFromMemory is not a mono symbol file
Symbol file data-0000020A4074E3A0 doesn't match image C:\Users\eduar\Documents\GitHub\GameJAM_UEA\GAME JAM UEA\Library\ScriptAssemblies\Unity.Services.Core.Networking.dll
Symbol file LoadedFromMemory is not a mono symbol file
Symbol file data-0000020A42EEEE20 doesn't match image C:\Users\eduar\Documents\GitHub\GameJAM_UEA\GAME JAM UEA\Library\ScriptAssemblies\Unity.2D.IK.Editor.dll
Symbol file LoadedFromMemory is not a mono symbol file
Symbol file data-0000020A41B2E010 doesn't match image C:\Users\eduar\Documents\GitHub\GameJAM_UEA\GAME JAM UEA\Library\ScriptAssemblies\Unity.2D.Sprite.Editor.dll
Symbol file LoadedFromMemory is not a mono symbol file
Symbol file data-0000020A42EEEE20 doesn't match image C:\Users\eduar\Documents\GitHub\GameJAM_UEA\GAME JAM UEA\Library\ScriptAssemblies\Unity.Burst.CodeGen.dll
Symbol file LoadedFromMemory is not a mono symbol file
Symbol file data-0000020A3FE1BF20 doesn't match image C:\Users\eduar\Documents\GitHub\GameJAM_UEA\GAME JAM UEA\Library\ScriptAssemblies\Unity.2D.Path.Editor.dll
Symbol file LoadedFromMemory is not a mono symbol file
Symbol file data-0000020A4074E3A0 doesn't match image C:\Users\eduar\Documents\GitHub\GameJAM_UEA\GAME JAM UEA\Library\ScriptAssemblies\Unity.VisualScripting.SettingsProvider.Editor.dll
Symbol file LoadedFromMemory is not a mono symbol file
Symbol file data-0000020A3FA10080 doesn't match image C:\Users\eduar\Documents\GitHub\GameJAM_UEA\GAME JAM UEA\Library\ScriptAssemblies\Unity.VisualScripting.Flow.dll
Symbol file LoadedFromMemory is not a mono symbol file
Symbol file data-0000020A3FE1BF20 doesn't match image C:\Users\eduar\Documents\GitHub\GameJAM_UEA\GAME JAM UEA\Library\ScriptAssemblies\UnityEditor.UI.dll
Symbol file LoadedFromMemory is not a mono symbol file
Symbol file data-0000020A3FA10080 doesn't match image C:\Users\eduar\Documents\GitHub\GameJAM_UEA\GAME JAM UEA\Library\ScriptAssemblies\Unity.PlasticSCM.Editor.dll
Symbol file LoadedFromMemory is not a mono symbol file
Symbol file data-0000020A3FE1BF20 doesn't match image C:\Users\eduar\Documents\GitHub\GameJAM_UEA\GAME JAM UEA\Library\ScriptAssemblies\Unity.Rider.Editor.dll
Symbol file LoadedFromMemory is not a mono symbol file
Symbol file data-0000020A3FE1BF20 doesn't match image C:\Users\eduar\Documents\GitHub\GameJAM_UEA\GAME JAM UEA\Library\ScriptAssemblies\Unity.2D.Psdimporter.Editor.dll
Symbol file LoadedFromMemory is not a mono symbol file
Symbol file data-0000020A42EEEE20 doesn't match image C:\Users\eduar\Documents\GitHub\GameJAM_UEA\GAME JAM UEA\Library\ScriptAssemblies\Unity.Services.Core.Internal.dll
Symbol file LoadedFromMemory is not a mono symbol file
Symbol file data-0000020A44CD4010 doesn't match image C:\Users\eduar\Documents\GitHub\GameJAM_UEA\GAME JAM UEA\Library\ScriptAssemblies\UnityEngine.UI.dll
Symbol file LoadedFromMemory is not a mono symbol file
Symbol file data-0000020A44CEA820 doesn't match image C:\Users\eduar\Documents\GitHub\GameJAM_UEA\GAME JAM UEA\Library\ScriptAssemblies\Unity.2D.Tilemap.Extras.Editor.dll
Symbol file LoadedFromMemory is not a mono symbol file
Symbol file data-0000020A4074E3A0 doesn't match image C:\Users\eduar\Documents\GitHub\GameJAM_UEA\GAME JAM UEA\Library\ScriptAssemblies\Unity.InternalAPIEditorBridge.001.dll
Symbol file LoadedFromMemory is not a mono symbol file
Symbol file data-0000020A4074E3A0 doesn't match image C:\Users\eduar\Documents\GitHub\GameJAM_UEA\GAME JAM UEA\Library\ScriptAssemblies\Unity.Services.Core.Configuration.dll
Symbol file LoadedFromMemory is not a mono symbol file
Symbol file data-0000020A4074E3A0 doesn't match image C:\Users\eduar\Documents\GitHub\GameJAM_UEA\GAME JAM UEA\Library\ScriptAssemblies\Unity.Services.Core.dll
Symbol file LoadedFromMemory is not a mono symbol file
Symbol file data-0000020A3FA10080 doesn't match image C:\Users\eduar\Documents\GitHub\GameJAM_UEA\GAME JAM UEA\Library\ScriptAssemblies\Unity.VisualScripting.Core.dll
Symbol file LoadedFromMemory is not a mono symbol file
Symbol file data-0000020A43266010 doesn't match image C:\Users\eduar\Documents\GitHub\GameJAM_UEA\GAME JAM UEA\Library\ScriptAssemblies\Unity.Mathematics.dll
Symbol file LoadedFromMemory is not a mono symbol file
Symbol file data-0000020A40042620 doesn't match image C:\Users\eduar\Documents\GitHub\GameJAM_UEA\GAME JAM UEA\Library\ScriptAssemblies\Unity.2D.IK.Runtime.dll
Symbol file LoadedFromMemory is not a mono symbol file
Symbol file data-0000020A44CEA820 doesn't match image C:\Users\eduar\Documents\GitHub\GameJAM_UEA\GAME JAM UEA\Library\ScriptAssemblies\Unity.Services.Core.Editor.dll
Symbol file LoadedFromMemory is not a mono symbol file
Symbol file data-0000020A44DF6C90 doesn't match image C:\Users\eduar\Documents\GitHub\GameJAM_UEA\GAME JAM UEA\Library\ScriptAssemblies\Unity.Services.Core.Configuration.Editor.dll
Symbol file LoadedFromMemory is not a mono symbol file
Symbol file data-0000020A400C5280 doesn't match image C:\Users\eduar\Documents\GitHub\GameJAM_UEA\GAME JAM UEA\Library\ScriptAssemblies\Unity.Services.Core.Analytics.dll
Symbol file LoadedFromMemory is not a mono symbol file
Symbol file data-0000020A3FA10080 doesn't match image C:\Users\eduar\Documents\GitHub\GameJAM_UEA\GAME JAM UEA\Library\ScriptAssemblies\Unity.Burst.dll
Symbol file LoadedFromMemory is not a mono symbol file
Symbol file data-0000020A44DF6C90 doesn't match image C:\Users\eduar\Documents\GitHub\GameJAM_UEA\GAME JAM UEA\Library\ScriptAssemblies\Unity.Services.Core.Registration.dll
Symbol file LoadedFromMemory is not a mono symbol file
Symbol file data-0000020A44DF6C90 doesn't match image C:\Users\eduar\Documents\GitHub\GameJAM_UEA\GAME JAM UEA\Library\ScriptAssemblies\Unity.VisualScripting.Shared.Editor.dll
Symbol file LoadedFromMemory is not a mono symbol file
Symbol file data-0000020A400C5280 doesn't match image C:\Users\eduar\Documents\GitHub\GameJAM_UEA\GAME JAM UEA\Library\ScriptAssemblies\Unity.Services.Core.Environments.dll
Symbol file LoadedFromMemory is not a mono symbol file
Symbol file data-0000020A44CEA820 doesn't match image C:\Users\eduar\Documents\GitHub\GameJAM_UEA\GAME JAM UEA\Library\ScriptAssemblies\Unity.2D.Animation.Runtime.dll
Symbol file LoadedFromMemory is not a mono symbol file
Symbol file data-0000020A3F24CE30 doesn't match image C:\Users\eduar\Documents\GitHub\GameJAM_UEA\GAME JAM UEA\Library\ScriptAssemblies\Unity.2D.PixelPerfect.Editor.dll
Symbol file LoadedFromMemory is not a mono symbol file
Symbol file data-0000020A3F24CE30 doesn't match image C:\Users\eduar\Documents\GitHub\GameJAM_UEA\GAME JAM UEA\Library\ScriptAssemblies\Unity.Services.Core.Scheduler.dll
Symbol file LoadedFromMemory is not a mono symbol file
Symbol file data-0000020A400C5280 doesn't match image C:\Users\eduar\Documents\GitHub\GameJAM_UEA\GAME JAM UEA\Library\ScriptAssemblies\Unity.Services.Core.Environments.Internal.dll
Symbol file LoadedFromMemory is not a mono symbol file
Symbol file data-0000020A411E5010 doesn't match image C:\Users\eduar\Documents\GitHub\GameJAM_UEA\GAME JAM UEA\Library\ScriptAssemblies\Unity.Timeline.Editor.dll
Symbol file LoadedFromMemory is not a mono symbol file
Symbol file data-0000020A45128020 doesn't match image C:\Users\eduar\Documents\GitHub\GameJAM_UEA\GAME JAM UEA\Library\ScriptAssemblies\Unity.CollabProxy.Editor.dll
Symbol file LoadedFromMemory is not a mono symbol file
Symbol file data-0000020A44DF6C90 doesn't match image C:\Users\eduar\Documents\GitHub\GameJAM_UEA\GAME JAM UEA\Library\ScriptAssemblies\Unity.Mathematics.Editor.dll
Symbol file LoadedFromMemory is not a mono symbol file
Symbol file data-0000020A3F24CE30 doesn't match image C:\Users\eduar\Documents\GitHub\GameJAM_UEA\GAME JAM UEA\Library\ScriptAssemblies\Unity.Services.Core.Threading.dll
Symbol file LoadedFromMemory is not a mono symbol file
Symbol file data-0000020A44CEA820 doesn't match image C:\Users\eduar\Documents\GitHub\GameJAM_UEA\GAME JAM UEA\Library\ScriptAssemblies\Unity.2D.Common.Runtime.dll
Symbol file LoadedFromMemory is not a mono symbol file
Symbol file data-0000020A41985430 doesn't match image C:\Users\eduar\Documents\GitHub\GameJAM_UEA\GAME JAM UEA\Library\ScriptAssemblies\Unity.2D.SpriteShape.Editor.dll
Symbol file LoadedFromMemory is not a mono symbol file
Symbol file data-0000020A41985430 doesn't match image C:\Users\eduar\Documents\GitHub\GameJAM_UEA\GAME JAM UEA\Library\ScriptAssemblies\Unity.2D.Common.Editor.dll
Symbol file LoadedFromMemory is not a mono symbol file
Symbol file data-0000020A45128020 doesn't match image C:\Users\eduar\Documents\GitHub\GameJAM_UEA\GAME JAM UEA\Library\ScriptAssemblies\Unity.2D.SpriteShape.Runtime.dll
Symbol file LoadedFromMemory is not a mono symbol file
Symbol file data-0000020A41985430 doesn't match image C:\Users\eduar\Documents\GitHub\GameJAM_UEA\GAME JAM UEA\Library\ScriptAssemblies\Unity.VisualScripting.State.dll
Symbol file LoadedFromMemory is not a mono symbol file
Symbol file data-0000020A3F24CE30 doesn't match image C:\Users\eduar\Documents\GitHub\GameJAM_UEA\GAME JAM UEA\Library\ScriptAssemblies\Unity.Services.Core.Device.dll
Symbol file LoadedFromMemory is not a mono symbol file
Symbol file LoadedFromMemory doesn't match image C:\Users\eduar\Documents\GitHub\GameJAM_UEA\GAME JAM UEA\Library\PackageCache\com.unity.visualscripting@1.7.8\Editor\VisualScripting.Core\Dependencies\YamlDotNet\Unity.VisualScripting.YamlDotNet.dll
Symbol file LoadedFromMemory doesn't match image C:\Users\eduar\Documents\GitHub\GameJAM_UEA\GAME JAM UEA\Library\PackageCache\com.unity.visualscripting@1.7.8\Editor\VisualScripting.Core\Dependencies\DotNetZip\Unity.VisualScripting.IonicZip.dll
Native extension for WindowsStandalone target not found
Native extension for Android target not found
Refreshing native plugins compatible for Editor in 0.90 ms, found 4 plugins.
Preloading 0 native plugins for Editor in 0.00 ms.
Mono: successfully reloaded assembly
- Completed reload, in  1.176 seconds
Domain Reload Profiling:
	ReloadAssembly (1177ms)
		BeginReloadAssembly (143ms)
			ExecutionOrderSort (0ms)
			DisableScriptedObjects (7ms)
			BackupInstance (0ms)
			ReleaseScriptingObjects (0ms)
			CreateAndSetChildDomain (42ms)
		EndReloadAssembly (919ms)
			LoadAssemblies (104ms)
			RebuildTransferFunctionScriptingTraits (0ms)
			SetupTypeCache (310ms)
			ReleaseScriptCaches (2ms)
			RebuildScriptCaches (53ms)
			SetupLoadedEditorAssemblies (398ms)
				LogAssemblyErrors (0ms)
				InitializePlatformSupportModulesInManaged (26ms)
				SetLoadedEditorAssemblies (0ms)
				RefreshPlugins (1ms)
				BeforeProcessingInitializeOnLoad (87ms)
				ProcessInitializeOnLoadAttributes (227ms)
				ProcessInitializeOnLoadMethodAttributes (46ms)
				AfterProcessingInitializeOnLoad (11ms)
				EditorAssembliesLoaded (0ms)
			ExecutionOrderSort2 (0ms)
			AwakeInstancesAfterBackupRestoration (9ms)
Platform modules already initialized, skipping
Refreshing native plugins compatible for Editor in 2.52 ms, found 4 plugins.
Preloading 0 native plugins for Editor in 0.00 ms.
Unloading 4068 Unused Serialized files (Serialized files now loaded: 0)
Unloading 31 unused Assets / (190.9 KB). Loaded Objects now: 4529.
Memory consumption went from 151.5 MB to 151.3 MB.
Total: 3.918700 ms (FindLiveObjects: 0.305700 ms CreateObjectMapping: 0.235500 ms MarkObjects: 3.219700 ms  DeleteObjects: 0.157000 ms)

AssetImportParameters requested are different than current active one (requested -> active):
  custom:video-decoder-ogg-theora: a1e56fd34408186e4bbccfd4996cb3dc -> 
  custom:container-muxer-webm: aa71ff27fc2769a1b78a27578f13a17b -> 
  custom:container-demuxer-webm: 4f35f7cbe854078d1ac9338744f61a02 -> 
  custom:video-encoder-webm-vp8: eb34c28f22e8b96e1ab97ce403110664 -> 
  custom:audio-encoder-webm-vorbis: bf7c407c2cedff20999df2af8eb42d56 -> 
  custom:framework-win-MediaFoundation: 216162199b28c13a410421893ffa2e32 -> 
  custom:container-demuxer-ogg: 62fdf1f143b41e24485cea50d1cbac27 -> 
  custom:video-decoder-webm-vp8: 9c59270c3fd7afecdb556c50c9e8de78 -> 
  custom:audio-decoder-ogg-vorbis: bf7c407c2cedff20999df2af8eb42d56 -> 
========================================================================
Received Import Request.
  Time since last request: 13573.058789 seconds.
  path: Assets/Sprites/UI/GameStudioName.png
  artifactKey: Guid(1ac73c00fcba99a4fb0ea6e9220d4ff5) Importer(815301076,1909f56bfc062723c751e8b465ee728b)
Start importing Assets/Sprites/UI/GameStudioName.png using Guid(1ac73c00fcba99a4fb0ea6e9220d4ff5) Importer(815301076,1909f56bfc062723c751e8b465ee728b)  -> (artifact id: '2285333c5e630a2797a400a418821a94') in 0.110075 seconds 
========================================================================
Received Import Request.
  Time since last request: 0.000022 seconds.
  path: Assets/Sprites/UI/Logo Jogo.png
  artifactKey: Guid(821d1b9a1c3b4b941a0738c20e8bfadd) Importer(815301076,1909f56bfc062723c751e8b465ee728b)
Start importing Assets/Sprites/UI/Logo Jogo.png using Guid(821d1b9a1c3b4b941a0738c20e8bfadd) Importer(815301076,1909f56bfc062723c751e8b465ee728b)  -> (artifact id: '3e2a9540d7002c0f880354915643032c') in 0.017741 seconds 
========================================================================
Received Import Request.
  Time since last request: 0.000022 seconds.
  path: Assets/Sprites/UI/hand2.png
  artifactKey: Guid(adfd86d86285d3d4095ea220ea44bc44) Importer(815301076,1909f56bfc062723c751e8b465ee728b)
Start importing Assets/Sprites/UI/hand2.png using Guid(adfd86d86285d3d4095ea220ea44bc44) Importer(815301076,1909f56bfc062723c751e8b465ee728b)  -> (artifact id: 'd7d773c44e9486b99a6ce6fcfe450776') in 0.017023 seconds 
Editor requested this worker to shutdown with reason: Scaling down because of idle timeout
AssetImportWorker is now disconnected from the server
Process exiting
Exiting without the bug reporter. Application will terminate with return code 0