Using pre-set license
Built from '2021.3/staging' branch; Version is '2021.3.9f1 (ad3870b89536) revision 11352176'; Using compiler version '192829333'; Build Type 'Release'
OS: 'Windows 10  (10.0.19044) 64bit Professional' Language: 'pt' Physical Memory: 16252 MB
BatchMode: 1, IsHumanControllingUs: 0, StartBugReporterOnCrash: 0, Is64bit: 1, IsPro: 1

COMMAND LINE ARGUMENTS:
C:\Program Files\Unity\Hub\Editor\2021.3.9f1\Editor\Unity.exe
-adb2
-batchMode
-noUpm
-name
AssetImportWorker3
-projectPath
C:/Users/eduar/Documents/GitHub/GameJAM_UEA/GAME JAM UEA
-logFile
Logs/AssetImportWorker3.log
-srvPort
63603
Successfully changed project path to: C:/Users/eduar/Documents/GitHub/GameJAM_UEA/GAME JAM UEA
C:/Users/eduar/Documents/GitHub/GameJAM_UEA/GAME JAM UEA
[UnityMemory] Configuration Parameters - Can be set up in boot.config
    "memorysetup-bucket-allocator-granularity=16"
    "memorysetup-bucket-allocator-bucket-count=8"
    "memorysetup-bucket-allocator-block-size=33554432"
    "memorysetup-bucket-allocator-block-count=8"
    "memorysetup-main-allocator-block-size=16777216"
    "memorysetup-thread-allocator-block-size=16777216"
    "memorysetup-gfx-main-allocator-block-size=16777216"
    "memorysetup-gfx-thread-allocator-block-size=16777216"
    "memorysetup-cache-allocator-block-size=4194304"
    "memorysetup-typetree-allocator-block-size=2097152"
    "memorysetup-profiler-bucket-allocator-granularity=16"
    "memorysetup-profiler-bucket-allocator-bucket-count=8"
    "memorysetup-profiler-bucket-allocator-block-size=33554432"
    "memorysetup-profiler-bucket-allocator-block-count=8"
    "memorysetup-profiler-allocator-block-size=16777216"
    "memorysetup-profiler-editor-allocator-block-size=1048576"
    "memorysetup-temp-allocator-size-main=16777216"
    "memorysetup-job-temp-allocator-block-size=2097152"
    "memorysetup-job-temp-allocator-block-size-background=1048576"
    "memorysetup-job-temp-allocator-reduction-small-platforms=262144"
    "memorysetup-temp-allocator-size-background-worker=32768"
    "memorysetup-temp-allocator-size-job-worker=262144"
    "memorysetup-temp-allocator-size-preload-manager=33554432"
    "memorysetup-temp-allocator-size-nav-mesh-worker=65536"
    "memorysetup-temp-allocator-size-audio-worker=65536"
    "memorysetup-temp-allocator-size-cloud-worker=32768"
    "memorysetup-temp-allocator-size-gi-baking-worker=262144"
    "memorysetup-temp-allocator-size-gfx=262144"
Refreshing native plugins compatible for Editor in 78.24 ms, found 4 plugins.
Preloading 0 native plugins for Editor in 0.00 ms.
Initialize engine version: 2021.3.9f1 (ad3870b89536)
[Subsystems] Discovering subsystems at path C:/Program Files/Unity/Hub/Editor/2021.3.9f1/Editor/Data/Resources/UnitySubsystems
[Subsystems] Discovering subsystems at path C:/Users/eduar/Documents/GitHub/GameJAM_UEA/GAME JAM UEA/Assets
GfxDevice: creating device client; threaded=0; jobified=0
Direct3D:
    Version:  Direct3D 11.0 [level 11.1]
    Renderer: NVIDIA GeForce GTX 1650 (ID=0x1f99)
    Vendor:   NVIDIA
    VRAM:     3962 MB
    Driver:   31.0.15.1694
Initialize mono
Mono path[0] = 'C:/Program Files/Unity/Hub/Editor/2021.3.9f1/Editor/Data/Managed'
Mono path[1] = 'C:/Program Files/Unity/Hub/Editor/2021.3.9f1/Editor/Data/MonoBleedingEdge/lib/mono/unityjit-win32'
Mono config path = 'C:/Program Files/Unity/Hub/Editor/2021.3.9f1/Editor/Data/MonoBleedingEdge/etc'
Using monoOptions --debugger-agent=transport=dt_socket,embedding=1,server=y,suspend=n,address=127.0.0.1:56944
Begin MonoManager ReloadAssembly
Registering precompiled unity dll's ...
Register platform support module: C:/Program Files/Unity/Hub/Editor/2021.3.9f1/Editor/Data/PlaybackEngines/AndroidPlayer/UnityEditor.Android.Extensions.dll
Register platform support module: C:/Program Files/Unity/Hub/Editor/2021.3.9f1/Editor/Data/PlaybackEngines/WindowsStandaloneSupport/UnityEditor.WindowsStandalone.Extensions.dll
Registered in 0.007229 seconds.
Native extension for WindowsStandalone target not found
Native extension for Android target not found
Refreshing native plugins compatible for Editor in 75.78 ms, found 4 plugins.
Preloading 0 native plugins for Editor in 0.00 ms.
Mono: successfully reloaded assembly
- Completed reload, in  0.577 seconds
Domain Reload Profiling:
	ReloadAssembly (578ms)
		BeginReloadAssembly (68ms)
			ExecutionOrderSort (0ms)
			DisableScriptedObjects (0ms)
			BackupInstance (0ms)
			ReleaseScriptingObjects (0ms)
			CreateAndSetChildDomain (1ms)
		EndReloadAssembly (414ms)
			LoadAssemblies (65ms)
			RebuildTransferFunctionScriptingTraits (0ms)
			SetupTypeCache (95ms)
			ReleaseScriptCaches (0ms)
			RebuildScriptCaches (25ms)
			SetupLoadedEditorAssemblies (250ms)
				LogAssemblyErrors (0ms)
				InitializePlatformSupportModulesInManaged (47ms)
				SetLoadedEditorAssemblies (0ms)
				RefreshPlugins (76ms)
				BeforeProcessingInitializeOnLoad (3ms)
				ProcessInitializeOnLoadAttributes (87ms)
				ProcessInitializeOnLoadMethodAttributes (37ms)
				AfterProcessingInitializeOnLoad (0ms)
				EditorAssembliesLoaded (0ms)
			ExecutionOrderSort2 (0ms)
			AwakeInstancesAfterBackupRestoration (0ms)
Platform modules already initialized, skipping
Registering precompiled user dll's ...
Registered in 0.007243 seconds.
Begin MonoManager ReloadAssembly
Symbol file data-0000023D34347220 doesn't match image C:\Users\eduar\Documents\GitHub\GameJAM_UEA\GAME JAM UEA\Library\ScriptAssemblies\Unity.VisualScripting.Flow.Editor.dll
Symbol file LoadedFromMemory is not a mono symbol file
Symbol file data-0000023D34F44030 doesn't match image C:\Users\eduar\Documents\GitHub\GameJAM_UEA\GAME JAM UEA\Library\ScriptAssemblies\Unity.2D.Tilemap.Extras.dll
Symbol file LoadedFromMemory is not a mono symbol file
Symbol file data-0000023D3510C010 doesn't match image C:\Users\eduar\Documents\GitHub\GameJAM_UEA\GAME JAM UEA\Library\ScriptAssemblies\Unity.2D.Animation.Editor.dll
Symbol file LoadedFromMemory is not a mono symbol file
Symbol file data-0000023D3442C030 doesn't match image C:\Users\eduar\Documents\GitHub\GameJAM_UEA\GAME JAM UEA\Library\ScriptAssemblies\Unity.InternalAPIEngineBridge.001.dll
Symbol file LoadedFromMemory is not a mono symbol file
Symbol file data-0000023D34F44030 doesn't match image C:\Users\eduar\Documents\GitHub\GameJAM_UEA\GAME JAM UEA\Library\ScriptAssemblies\Unity.VSCode.Editor.dll
Symbol file LoadedFromMemory is not a mono symbol file
Symbol file data-0000023D34F44030 doesn't match image C:\Users\eduar\Documents\GitHub\GameJAM_UEA\GAME JAM UEA\Library\ScriptAssemblies\Unity.2D.PixelPerfect.dll
Symbol file LoadedFromMemory is not a mono symbol file
Symbol file data-0000023D35134E20 doesn't match image C:\Users\eduar\Documents\GitHub\GameJAM_UEA\GAME JAM UEA\Library\ScriptAssemblies\Unity.2D.Tilemap.Editor.dll
Symbol file LoadedFromMemory is not a mono symbol file
Symbol file data-0000023D34347220 doesn't match image C:\Users\eduar\Documents\GitHub\GameJAM_UEA\GAME JAM UEA\Library\ScriptAssemblies\PsdPlugin.dll
Symbol file LoadedFromMemory is not a mono symbol file
Symbol file data-0000023D34347220 doesn't match image C:\Users\eduar\Documents\GitHub\GameJAM_UEA\GAME JAM UEA\Library\ScriptAssemblies\Unity.TextMeshPro.Editor.dll
Symbol file LoadedFromMemory is not a mono symbol file
Symbol file data-0000023D34252820 doesn't match image C:\Users\eduar\Documents\GitHub\GameJAM_UEA\GAME JAM UEA\Library\ScriptAssemblies\Unity.Services.Core.Telemetry.dll
Symbol file LoadedFromMemory is not a mono symbol file
Symbol file data-0000023D3435C830 doesn't match image C:\Users\eduar\Documents\GitHub\GameJAM_UEA\GAME JAM UEA\Library\ScriptAssemblies\Unity.VisualStudio.Editor.dll
Symbol file LoadedFromMemory is not a mono symbol file
Symbol file data-0000023D33900A20 doesn't match image C:\Users\eduar\Documents\GitHub\GameJAM_UEA\GAME JAM UEA\Library\ScriptAssemblies\UnityEngine.TestRunner.dll
Symbol file LoadedFromMemory is not a mono symbol file
Symbol file data-0000023D352CE020 doesn't match image C:\Users\eduar\Documents\GitHub\GameJAM_UEA\GAME JAM UEA\Library\ScriptAssemblies\Unity.Timeline.dll
Symbol file LoadedFromMemory is not a mono symbol file
Symbol file data-0000023D3526A010 doesn't match image C:\Users\eduar\Documents\GitHub\GameJAM_UEA\GAME JAM UEA\Library\ScriptAssemblies\Unity.VisualScripting.Core.Editor.dll
Symbol file LoadedFromMemory is not a mono symbol file
Symbol file data-0000023D352CE020 doesn't match image C:\Users\eduar\Documents\GitHub\GameJAM_UEA\GAME JAM UEA\Library\ScriptAssemblies\Unity.TextMeshPro.dll
Symbol file LoadedFromMemory is not a mono symbol file
Symbol file data-0000023D33921630 doesn't match image C:\Users\eduar\Documents\GitHub\GameJAM_UEA\GAME JAM UEA\Library\ScriptAssemblies\Unity.VisualScripting.State.Editor.dll
Symbol file LoadedFromMemory is not a mono symbol file
Symbol file data-0000023D33921630 doesn't match image C:\Users\eduar\Documents\GitHub\GameJAM_UEA\GAME JAM UEA\Library\ScriptAssemblies\Unity.Burst.Editor.dll
Symbol file LoadedFromMemory is not a mono symbol file
Symbol file data-0000023D343B3420 doesn't match image C:\Users\eduar\Documents\GitHub\GameJAM_UEA\GAME JAM UEA\Library\ScriptAssemblies\UnityEditor.TestRunner.dll
Symbol file LoadedFromMemory is not a mono symbol file
Symbol file data-0000023D34E2FC20 doesn't match image C:\Users\eduar\Documents\GitHub\GameJAM_UEA\GAME JAM UEA\Library\ScriptAssemblies\Unity.Services.Core.Networking.dll
Symbol file LoadedFromMemory is not a mono symbol file
Symbol file data-0000023D3435C830 doesn't match image C:\Users\eduar\Documents\GitHub\GameJAM_UEA\GAME JAM UEA\Library\ScriptAssemblies\Unity.2D.IK.Editor.dll
Symbol file LoadedFromMemory is not a mono symbol file
Symbol file data-0000023D343B3420 doesn't match image C:\Users\eduar\Documents\GitHub\GameJAM_UEA\GAME JAM UEA\Library\ScriptAssemblies\Unity.2D.Sprite.Editor.dll
Symbol file LoadedFromMemory is not a mono symbol file
Symbol file data-0000023D343B3420 doesn't match image C:\Users\eduar\Documents\GitHub\GameJAM_UEA\GAME JAM UEA\Library\ScriptAssemblies\Unity.Burst.CodeGen.dll
Symbol file LoadedFromMemory is not a mono symbol file
Symbol file data-0000023D35294820 doesn't match image C:\Users\eduar\Documents\GitHub\GameJAM_UEA\GAME JAM UEA\Library\ScriptAssemblies\Unity.2D.Path.Editor.dll
Symbol file LoadedFromMemory is not a mono symbol file
Symbol file data-0000023D343C4A30 doesn't match image C:\Users\eduar\Documents\GitHub\GameJAM_UEA\GAME JAM UEA\Library\ScriptAssemblies\Unity.VisualScripting.SettingsProvider.Editor.dll
Symbol file LoadedFromMemory is not a mono symbol file
Symbol file data-0000023D33C8DEB0 doesn't match image C:\Users\eduar\Documents\GitHub\GameJAM_UEA\GAME JAM UEA\Library\ScriptAssemblies\Unity.VisualScripting.Flow.dll
Symbol file LoadedFromMemory is not a mono symbol file
Symbol file data-0000023D352A9A30 doesn't match image C:\Users\eduar\Documents\GitHub\GameJAM_UEA\GAME JAM UEA\Library\ScriptAssemblies\UnityEditor.UI.dll
Symbol file LoadedFromMemory is not a mono symbol file
Symbol file data-0000023D33C8DEB0 doesn't match image C:\Users\eduar\Documents\GitHub\GameJAM_UEA\GAME JAM UEA\Library\ScriptAssemblies\Unity.PlasticSCM.Editor.dll
Symbol file LoadedFromMemory is not a mono symbol file
Symbol file data-0000023D353B7020 doesn't match image C:\Users\eduar\Documents\GitHub\GameJAM_UEA\GAME JAM UEA\Library\ScriptAssemblies\Unity.Rider.Editor.dll
Symbol file LoadedFromMemory is not a mono symbol file
Symbol file data-0000023D353B7020 doesn't match image C:\Users\eduar\Documents\GitHub\GameJAM_UEA\GAME JAM UEA\Library\ScriptAssemblies\Unity.2D.Psdimporter.Editor.dll
Symbol file LoadedFromMemory is not a mono symbol file
Symbol file data-0000023D352A9A30 doesn't match image C:\Users\eduar\Documents\GitHub\GameJAM_UEA\GAME JAM UEA\Library\ScriptAssemblies\Unity.Services.Core.Internal.dll
Symbol file LoadedFromMemory is not a mono symbol file
Symbol file data-0000023D33CBD6D0 doesn't match image C:\Users\eduar\Documents\GitHub\GameJAM_UEA\GAME JAM UEA\Library\ScriptAssemblies\UnityEngine.UI.dll
Symbol file LoadedFromMemory is not a mono symbol file
Symbol file data-0000023D352A9A30 doesn't match image C:\Users\eduar\Documents\GitHub\GameJAM_UEA\GAME JAM UEA\Library\ScriptAssemblies\Unity.2D.Tilemap.Extras.Editor.dll
Symbol file LoadedFromMemory is not a mono symbol file
Symbol file data-0000023D343C4A30 doesn't match image C:\Users\eduar\Documents\GitHub\GameJAM_UEA\GAME JAM UEA\Library\ScriptAssemblies\Unity.InternalAPIEditorBridge.001.dll
Symbol file LoadedFromMemory is not a mono symbol file
Symbol file data-0000023D343C4A30 doesn't match image C:\Users\eduar\Documents\GitHub\GameJAM_UEA\GAME JAM UEA\Library\ScriptAssemblies\Unity.Services.Core.Configuration.dll
Symbol file LoadedFromMemory is not a mono symbol file
Symbol file data-0000023D343C4A30 doesn't match image C:\Users\eduar\Documents\GitHub\GameJAM_UEA\GAME JAM UEA\Library\ScriptAssemblies\Unity.Services.Core.dll
Symbol file LoadedFromMemory is not a mono symbol file
Symbol file data-0000023D354D5010 doesn't match image C:\Users\eduar\Documents\GitHub\GameJAM_UEA\GAME JAM UEA\Library\ScriptAssemblies\Unity.VisualScripting.Core.dll
Symbol file LoadedFromMemory is not a mono symbol file
Symbol file data-0000023D354D5010 doesn't match image C:\Users\eduar\Documents\GitHub\GameJAM_UEA\GAME JAM UEA\Library\ScriptAssemblies\Unity.Mathematics.dll
Symbol file LoadedFromMemory is not a mono symbol file
Symbol file data-0000023D352B1A40 doesn't match image C:\Users\eduar\Documents\GitHub\GameJAM_UEA\GAME JAM UEA\Library\ScriptAssemblies\Unity.2D.IK.Runtime.dll
Symbol file LoadedFromMemory is not a mono symbol file
Symbol file data-0000023D352B1A40 doesn't match image C:\Users\eduar\Documents\GitHub\GameJAM_UEA\GAME JAM UEA\Library\ScriptAssemblies\Unity.Services.Core.Editor.dll
Symbol file LoadedFromMemory is not a mono symbol file
Symbol file data-0000023D3425A830 doesn't match image C:\Users\eduar\Documents\GitHub\GameJAM_UEA\GAME JAM UEA\Library\ScriptAssemblies\Unity.Services.Core.Configuration.Editor.dll
Symbol file LoadedFromMemory is not a mono symbol file
Symbol file data-0000023D3425A830 doesn't match image C:\Users\eduar\Documents\GitHub\GameJAM_UEA\GAME JAM UEA\Library\ScriptAssemblies\Unity.Services.Core.Analytics.dll
Symbol file LoadedFromMemory is not a mono symbol file
Symbol file data-0000023D34113020 doesn't match image C:\Users\eduar\Documents\GitHub\GameJAM_UEA\GAME JAM UEA\Library\ScriptAssemblies\Unity.Burst.dll
Symbol file LoadedFromMemory is not a mono symbol file
Symbol file data-0000023D35148230 doesn't match image C:\Users\eduar\Documents\GitHub\GameJAM_UEA\GAME JAM UEA\Library\ScriptAssemblies\Unity.Services.Core.Registration.dll
Symbol file LoadedFromMemory is not a mono symbol file
Symbol file data-0000023D35148230 doesn't match image C:\Users\eduar\Documents\GitHub\GameJAM_UEA\GAME JAM UEA\Library\ScriptAssemblies\Unity.VisualScripting.Shared.Editor.dll
Symbol file LoadedFromMemory is not a mono symbol file
Symbol file data-0000023D35148230 doesn't match image C:\Users\eduar\Documents\GitHub\GameJAM_UEA\GAME JAM UEA\Library\ScriptAssemblies\Unity.Services.Core.Environments.dll
Symbol file LoadedFromMemory is not a mono symbol file
Symbol file data-0000023D352B1A40 doesn't match image C:\Users\eduar\Documents\GitHub\GameJAM_UEA\GAME JAM UEA\Library\ScriptAssemblies\Unity.2D.Animation.Runtime.dll
Symbol file LoadedFromMemory is not a mono symbol file
Symbol file data-0000023D35148230 doesn't match image C:\Users\eduar\Documents\GitHub\GameJAM_UEA\GAME JAM UEA\Library\ScriptAssemblies\Unity.2D.PixelPerfect.Editor.dll
Symbol file LoadedFromMemory is not a mono symbol file
Symbol file data-0000023D35148230 doesn't match image C:\Users\eduar\Documents\GitHub\GameJAM_UEA\GAME JAM UEA\Library\ScriptAssemblies\Unity.Services.Core.Scheduler.dll
Symbol file LoadedFromMemory is not a mono symbol file
Symbol file data-0000023D35148230 doesn't match image C:\Users\eduar\Documents\GitHub\GameJAM_UEA\GAME JAM UEA\Library\ScriptAssemblies\Unity.Services.Core.Environments.Internal.dll
Symbol file LoadedFromMemory is not a mono symbol file
Symbol file data-0000023D34113020 doesn't match image C:\Users\eduar\Documents\GitHub\GameJAM_UEA\GAME JAM UEA\Library\ScriptAssemblies\Unity.Timeline.Editor.dll
Symbol file LoadedFromMemory is not a mono symbol file
Symbol file data-0000023D33CCD6E0 doesn't match image C:\Users\eduar\Documents\GitHub\GameJAM_UEA\GAME JAM UEA\Library\ScriptAssemblies\Unity.CollabProxy.Editor.dll
Symbol file LoadedFromMemory is not a mono symbol file
Symbol file data-0000023D35148230 doesn't match image C:\Users\eduar\Documents\GitHub\GameJAM_UEA\GAME JAM UEA\Library\ScriptAssemblies\Unity.Mathematics.Editor.dll
Symbol file LoadedFromMemory is not a mono symbol file
Symbol file data-0000023D352B7850 doesn't match image C:\Users\eduar\Documents\GitHub\GameJAM_UEA\GAME JAM UEA\Library\ScriptAssemblies\Unity.Services.Core.Threading.dll
Symbol file LoadedFromMemory is not a mono symbol file
Symbol file data-0000023D33CCD6E0 doesn't match image C:\Users\eduar\Documents\GitHub\GameJAM_UEA\GAME JAM UEA\Library\ScriptAssemblies\Unity.2D.Common.Runtime.dll
Symbol file LoadedFromMemory is not a mono symbol file
Symbol file data-0000023D2FBB8630 doesn't match image C:\Users\eduar\Documents\GitHub\GameJAM_UEA\GAME JAM UEA\Library\ScriptAssemblies\Unity.2D.SpriteShape.Editor.dll
Symbol file LoadedFromMemory is not a mono symbol file
Symbol file data-0000023D3413B830 doesn't match image C:\Users\eduar\Documents\GitHub\GameJAM_UEA\GAME JAM UEA\Library\ScriptAssemblies\Unity.2D.Common.Editor.dll
Symbol file LoadedFromMemory is not a mono symbol file
Symbol file data-0000023D34153C40 doesn't match image C:\Users\eduar\Documents\GitHub\GameJAM_UEA\GAME JAM UEA\Library\ScriptAssemblies\Unity.2D.SpriteShape.Runtime.dll
Symbol file LoadedFromMemory is not a mono symbol file
Symbol file data-0000023D3415A650 doesn't match image C:\Users\eduar\Documents\GitHub\GameJAM_UEA\GAME JAM UEA\Library\ScriptAssemblies\Unity.VisualScripting.State.dll
Symbol file LoadedFromMemory is not a mono symbol file
Symbol file data-0000023D352B7850 doesn't match image C:\Users\eduar\Documents\GitHub\GameJAM_UEA\GAME JAM UEA\Library\ScriptAssemblies\Unity.Services.Core.Device.dll
Symbol file LoadedFromMemory is not a mono symbol file
Symbol file LoadedFromMemory doesn't match image C:\Users\eduar\Documents\GitHub\GameJAM_UEA\GAME JAM UEA\Library\PackageCache\com.unity.visualscripting@1.7.8\Editor\VisualScripting.Core\Dependencies\YamlDotNet\Unity.VisualScripting.YamlDotNet.dll
Symbol file LoadedFromMemory doesn't match image C:\Users\eduar\Documents\GitHub\GameJAM_UEA\GAME JAM UEA\Library\PackageCache\com.unity.visualscripting@1.7.8\Editor\VisualScripting.Core\Dependencies\DotNetZip\Unity.VisualScripting.IonicZip.dll
Native extension for WindowsStandalone target not found
Native extension for Android target not found
Refreshing native plugins compatible for Editor in 84.11 ms, found 4 plugins.
Preloading 0 native plugins for Editor in 0.00 ms.
Mono: successfully reloaded assembly
- Completed reload, in  1.150 seconds
Domain Reload Profiling:
	ReloadAssembly (1151ms)
		BeginReloadAssembly (207ms)
			ExecutionOrderSort (0ms)
			DisableScriptedObjects (5ms)
			BackupInstance (0ms)
			ReleaseScriptingObjects (0ms)
			CreateAndSetChildDomain (122ms)
		EndReloadAssembly (840ms)
			LoadAssemblies (76ms)
			RebuildTransferFunctionScriptingTraits (0ms)
			SetupTypeCache (219ms)
			ReleaseScriptCaches (1ms)
			RebuildScriptCaches (53ms)
			SetupLoadedEditorAssemblies (447ms)
				LogAssemblyErrors (0ms)
				InitializePlatformSupportModulesInManaged (13ms)
				SetLoadedEditorAssemblies (0ms)
				RefreshPlugins (84ms)
				BeforeProcessingInitializeOnLoad (97ms)
				ProcessInitializeOnLoadAttributes (208ms)
				ProcessInitializeOnLoadMethodAttributes (36ms)
				AfterProcessingInitializeOnLoad (7ms)
				EditorAssembliesLoaded (0ms)
			ExecutionOrderSort2 (0ms)
			AwakeInstancesAfterBackupRestoration (4ms)
Platform modules already initialized, skipping
========================================================================
Worker process is ready to serve import requests
Launched and connected shader compiler UnityShaderCompiler.exe after 0.03 seconds
Refreshing native plugins compatible for Editor in 0.65 ms, found 4 plugins.
Preloading 0 native plugins for Editor in 0.00 ms.
Unloading 4071 Unused Serialized files (Serialized files now loaded: 0)
Unloading 44 unused Assets / (223.8 KB). Loaded Objects now: 4524.
Memory consumption went from 151.5 MB to 151.3 MB.
Total: 3.170700 ms (FindLiveObjects: 0.300300 ms CreateObjectMapping: 0.240700 ms MarkObjects: 2.490300 ms  DeleteObjects: 0.138700 ms)

AssetImportParameters requested are different than current active one (requested -> active):
  custom:video-decoder-ogg-theora: a1e56fd34408186e4bbccfd4996cb3dc -> 
  custom:container-muxer-webm: aa71ff27fc2769a1b78a27578f13a17b -> 
  custom:container-demuxer-webm: 4f35f7cbe854078d1ac9338744f61a02 -> 
  custom:video-encoder-webm-vp8: eb34c28f22e8b96e1ab97ce403110664 -> 
  custom:audio-encoder-webm-vorbis: bf7c407c2cedff20999df2af8eb42d56 -> 
  custom:framework-win-MediaFoundation: 216162199b28c13a410421893ffa2e32 -> 
  custom:container-demuxer-ogg: 62fdf1f143b41e24485cea50d1cbac27 -> 
  custom:video-decoder-webm-vp8: 9c59270c3fd7afecdb556c50c9e8de78 -> 
  custom:audio-decoder-ogg-vorbis: bf7c407c2cedff20999df2af8eb42d56 -> 
========================================================================
Received Prepare
Registering precompiled user dll's ...
Registered in 0.006990 seconds.
Begin MonoManager ReloadAssembly
Symbol file data-0000023D39EA5680 doesn't match image C:\Users\eduar\Documents\GitHub\GameJAM_UEA\GAME JAM UEA\Library\ScriptAssemblies\Unity.VisualScripting.Flow.Editor.dll
Symbol file LoadedFromMemory is not a mono symbol file
Symbol file data-0000023D382E4220 doesn't match image C:\Users\eduar\Documents\GitHub\GameJAM_UEA\GAME JAM UEA\Library\ScriptAssemblies\Unity.2D.Tilemap.Extras.dll
Symbol file LoadedFromMemory is not a mono symbol file
Symbol file data-0000023D3567D020 doesn't match image C:\Users\eduar\Documents\GitHub\GameJAM_UEA\GAME JAM UEA\Library\ScriptAssemblies\Unity.2D.Animation.Editor.dll
Symbol file LoadedFromMemory is not a mono symbol file
Symbol file data-0000023D3451F890 doesn't match image C:\Users\eduar\Documents\GitHub\GameJAM_UEA\GAME JAM UEA\Library\ScriptAssemblies\Unity.InternalAPIEngineBridge.001.dll
Symbol file LoadedFromMemory is not a mono symbol file
Symbol file data-0000023D38A25490 doesn't match image C:\Users\eduar\Documents\GitHub\GameJAM_UEA\GAME JAM UEA\Library\ScriptAssemblies\Unity.VSCode.Editor.dll
Symbol file LoadedFromMemory is not a mono symbol file
Symbol file data-0000023D38A25490 doesn't match image C:\Users\eduar\Documents\GitHub\GameJAM_UEA\GAME JAM UEA\Library\ScriptAssemblies\Unity.2D.PixelPerfect.dll
Symbol file LoadedFromMemory is not a mono symbol file
Symbol file data-0000023D33CE3840 doesn't match image C:\Users\eduar\Documents\GitHub\GameJAM_UEA\GAME JAM UEA\Library\ScriptAssemblies\Unity.2D.Tilemap.Editor.dll
Symbol file LoadedFromMemory is not a mono symbol file
Symbol file data-0000023D35926010 doesn't match image C:\Users\eduar\Documents\GitHub\GameJAM_UEA\GAME JAM UEA\Library\ScriptAssemblies\PsdPlugin.dll
Symbol file LoadedFromMemory is not a mono symbol file
Symbol file data-0000023D39EA5680 doesn't match image C:\Users\eduar\Documents\GitHub\GameJAM_UEA\GAME JAM UEA\Library\ScriptAssemblies\Unity.TextMeshPro.Editor.dll
Symbol file LoadedFromMemory is not a mono symbol file
Symbol file data-0000023D382E4220 doesn't match image C:\Users\eduar\Documents\GitHub\GameJAM_UEA\GAME JAM UEA\Library\ScriptAssemblies\Unity.Services.Core.Telemetry.dll
Symbol file LoadedFromMemory is not a mono symbol file
Symbol file data-0000023D39EBAC90 doesn't match image C:\Users\eduar\Documents\GitHub\GameJAM_UEA\GAME JAM UEA\Library\ScriptAssemblies\Unity.VisualStudio.Editor.dll
Symbol file LoadedFromMemory is not a mono symbol file
Symbol file data-0000023D34274010 doesn't match image C:\Users\eduar\Documents\GitHub\GameJAM_UEA\GAME JAM UEA\Library\ScriptAssemblies\UnityEngine.TestRunner.dll
Symbol file LoadedFromMemory is not a mono symbol file
Symbol file data-0000023D39970020 doesn't match image C:\Users\eduar\Documents\GitHub\GameJAM_UEA\GAME JAM UEA\Library\ScriptAssemblies\Unity.Timeline.dll
Symbol file LoadedFromMemory is not a mono symbol file
Symbol file data-0000023D382FD030 doesn't match image C:\Users\eduar\Documents\GitHub\GameJAM_UEA\GAME JAM UEA\Library\ScriptAssemblies\Unity.VisualScripting.Core.Editor.dll
Symbol file LoadedFromMemory is not a mono symbol file
Symbol file data-0000023D3526A010 doesn't match image C:\Users\eduar\Documents\GitHub\GameJAM_UEA\GAME JAM UEA\Library\ScriptAssemblies\Unity.TextMeshPro.dll
Symbol file LoadedFromMemory is not a mono symbol file
Symbol file data-0000023D39EBAC90 doesn't match image C:\Users\eduar\Documents\GitHub\GameJAM_UEA\GAME JAM UEA\Library\ScriptAssemblies\Unity.VisualScripting.State.Editor.dll
Symbol file LoadedFromMemory is not a mono symbol file
Symbol file data-0000023D39EBAC90 doesn't match image C:\Users\eduar\Documents\GitHub\GameJAM_UEA\GAME JAM UEA\Library\ScriptAssemblies\Unity.Burst.Editor.dll
Symbol file LoadedFromMemory is not a mono symbol file
Symbol file data-0000023D39B21750 doesn't match image C:\Users\eduar\Documents\GitHub\GameJAM_UEA\GAME JAM UEA\Library\ScriptAssemblies\UnityEditor.TestRunner.dll
Symbol file LoadedFromMemory is not a mono symbol file
Symbol file data-0000023D3451F890 doesn't match image C:\Users\eduar\Documents\GitHub\GameJAM_UEA\GAME JAM UEA\Library\ScriptAssemblies\Unity.Services.Core.Networking.dll
Symbol file LoadedFromMemory is not a mono symbol file
Symbol file data-0000023D338C87B0 doesn't match image C:\Users\eduar\Documents\GitHub\GameJAM_UEA\GAME JAM UEA\Library\ScriptAssemblies\Unity.2D.IK.Editor.dll
Symbol file LoadedFromMemory is not a mono symbol file
Symbol file data-0000023D35136820 doesn't match image C:\Users\eduar\Documents\GitHub\GameJAM_UEA\GAME JAM UEA\Library\ScriptAssemblies\Unity.2D.Sprite.Editor.dll
Symbol file LoadedFromMemory is not a mono symbol file
Symbol file data-0000023D338C87B0 doesn't match image C:\Users\eduar\Documents\GitHub\GameJAM_UEA\GAME JAM UEA\Library\ScriptAssemblies\Unity.Burst.CodeGen.dll
Symbol file LoadedFromMemory is not a mono symbol file
Symbol file data-0000023D34274010 doesn't match image C:\Users\eduar\Documents\GitHub\GameJAM_UEA\GAME JAM UEA\Library\ScriptAssemblies\Unity.2D.Path.Editor.dll
Symbol file LoadedFromMemory is not a mono symbol file
Symbol file data-0000023D3630AAA0 doesn't match image C:\Users\eduar\Documents\GitHub\GameJAM_UEA\GAME JAM UEA\Library\ScriptAssemblies\Unity.VisualScripting.SettingsProvider.Editor.dll
Symbol file LoadedFromMemory is not a mono symbol file
Symbol file data-0000023D3369E3F0 doesn't match image C:\Users\eduar\Documents\GitHub\GameJAM_UEA\GAME JAM UEA\Library\ScriptAssemblies\Unity.VisualScripting.Flow.dll
Symbol file LoadedFromMemory is not a mono symbol file
Symbol file data-0000023D39EBAC90 doesn't match image C:\Users\eduar\Documents\GitHub\GameJAM_UEA\GAME JAM UEA\Library\ScriptAssemblies\UnityEditor.UI.dll
Symbol file LoadedFromMemory is not a mono symbol file
Symbol file data-0000023D3369E3F0 doesn't match image C:\Users\eduar\Documents\GitHub\GameJAM_UEA\GAME JAM UEA\Library\ScriptAssemblies\Unity.PlasticSCM.Editor.dll
Symbol file LoadedFromMemory is not a mono symbol file
Symbol file data-0000023D39EBAC90 doesn't match image C:\Users\eduar\Documents\GitHub\GameJAM_UEA\GAME JAM UEA\Library\ScriptAssemblies\Unity.Rider.Editor.dll
Symbol file LoadedFromMemory is not a mono symbol file
Symbol file data-0000023D34274010 doesn't match image C:\Users\eduar\Documents\GitHub\GameJAM_UEA\GAME JAM UEA\Library\ScriptAssemblies\Unity.2D.Psdimporter.Editor.dll
Symbol file LoadedFromMemory is not a mono symbol file
Symbol file data-0000023D39EBAC90 doesn't match image C:\Users\eduar\Documents\GitHub\GameJAM_UEA\GAME JAM UEA\Library\ScriptAssemblies\Unity.Services.Core.Internal.dll
Symbol file LoadedFromMemory is not a mono symbol file
Symbol file data-0000023D36A87010 doesn't match image C:\Users\eduar\Documents\GitHub\GameJAM_UEA\GAME JAM UEA\Library\ScriptAssemblies\UnityEngine.UI.dll
Symbol file LoadedFromMemory is not a mono symbol file
Symbol file data-0000023D36A9D820 doesn't match image C:\Users\eduar\Documents\GitHub\GameJAM_UEA\GAME JAM UEA\Library\ScriptAssemblies\Unity.2D.Tilemap.Extras.Editor.dll
Symbol file LoadedFromMemory is not a mono symbol file
Symbol file data-0000023D3630AAA0 doesn't match image C:\Users\eduar\Documents\GitHub\GameJAM_UEA\GAME JAM UEA\Library\ScriptAssemblies\Unity.InternalAPIEditorBridge.001.dll
Symbol file LoadedFromMemory is not a mono symbol file
Symbol file data-0000023D3630AAA0 doesn't match image C:\Users\eduar\Documents\GitHub\GameJAM_UEA\GAME JAM UEA\Library\ScriptAssemblies\Unity.Services.Core.Configuration.dll
Symbol file LoadedFromMemory is not a mono symbol file
Symbol file data-0000023D3630AAA0 doesn't match image C:\Users\eduar\Documents\GitHub\GameJAM_UEA\GAME JAM UEA\Library\ScriptAssemblies\Unity.Services.Core.dll
Symbol file LoadedFromMemory is not a mono symbol file
Symbol file data-0000023D34330010 doesn't match image C:\Users\eduar\Documents\GitHub\GameJAM_UEA\GAME JAM UEA\Library\ScriptAssemblies\Unity.VisualScripting.Core.dll
Symbol file LoadedFromMemory is not a mono symbol file
Symbol file data-0000023D36DAC020 doesn't match image C:\Users\eduar\Documents\GitHub\GameJAM_UEA\GAME JAM UEA\Library\ScriptAssemblies\Unity.Mathematics.dll
Symbol file LoadedFromMemory is not a mono symbol file
Symbol file data-0000023D36A9D820 doesn't match image C:\Users\eduar\Documents\GitHub\GameJAM_UEA\GAME JAM UEA\Library\ScriptAssemblies\Unity.2D.IK.Runtime.dll
Symbol file LoadedFromMemory is not a mono symbol file
Symbol file data-0000023D36A9D820 doesn't match image C:\Users\eduar\Documents\GitHub\GameJAM_UEA\GAME JAM UEA\Library\ScriptAssemblies\Unity.Services.Core.Editor.dll
Symbol file LoadedFromMemory is not a mono symbol file
Symbol file data-0000023D36A9D820 doesn't match image C:\Users\eduar\Documents\GitHub\GameJAM_UEA\GAME JAM UEA\Library\ScriptAssemblies\Unity.Services.Core.Configuration.Editor.dll
Symbol file LoadedFromMemory is not a mono symbol file
Symbol file data-0000023D336DB600 doesn't match image C:\Users\eduar\Documents\GitHub\GameJAM_UEA\GAME JAM UEA\Library\ScriptAssemblies\Unity.Services.Core.Analytics.dll
Symbol file LoadedFromMemory is not a mono symbol file
Symbol file data-0000023D34330010 doesn't match image C:\Users\eduar\Documents\GitHub\GameJAM_UEA\GAME JAM UEA\Library\ScriptAssemblies\Unity.Burst.dll
Symbol file LoadedFromMemory is not a mono symbol file
Symbol file data-0000023D36A9D820 doesn't match image C:\Users\eduar\Documents\GitHub\GameJAM_UEA\GAME JAM UEA\Library\ScriptAssemblies\Unity.Services.Core.Registration.dll
Symbol file LoadedFromMemory is not a mono symbol file
Symbol file data-0000023D36A9D820 doesn't match image C:\Users\eduar\Documents\GitHub\GameJAM_UEA\GAME JAM UEA\Library\ScriptAssemblies\Unity.VisualScripting.Shared.Editor.dll
Symbol file LoadedFromMemory is not a mono symbol file
Symbol file data-0000023D36A9D820 doesn't match image C:\Users\eduar\Documents\GitHub\GameJAM_UEA\GAME JAM UEA\Library\ScriptAssemblies\Unity.Services.Core.Environments.dll
Symbol file LoadedFromMemory is not a mono symbol file
Symbol file data-0000023D36A9D820 doesn't match image C:\Users\eduar\Documents\GitHub\GameJAM_UEA\GAME JAM UEA\Library\ScriptAssemblies\Unity.2D.Animation.Runtime.dll
Symbol file LoadedFromMemory is not a mono symbol file
Symbol file data-0000023D36A9D820 doesn't match image C:\Users\eduar\Documents\GitHub\GameJAM_UEA\GAME JAM UEA\Library\ScriptAssemblies\Unity.2D.PixelPerfect.Editor.dll
Symbol file LoadedFromMemory is not a mono symbol file
Symbol file data-0000023D36A9D820 doesn't match image C:\Users\eduar\Documents\GitHub\GameJAM_UEA\GAME JAM UEA\Library\ScriptAssemblies\Unity.Services.Core.Scheduler.dll
Symbol file LoadedFromMemory is not a mono symbol file
Symbol file data-0000023D36A9D820 doesn't match image C:\Users\eduar\Documents\GitHub\GameJAM_UEA\GAME JAM UEA\Library\ScriptAssemblies\Unity.Services.Core.Environments.Internal.dll
Symbol file LoadedFromMemory is not a mono symbol file
Symbol file data-0000023D2FE89010 doesn't match image C:\Users\eduar\Documents\GitHub\GameJAM_UEA\GAME JAM UEA\Library\ScriptAssemblies\Unity.Timeline.Editor.dll
Symbol file LoadedFromMemory is not a mono symbol file
Symbol file data-0000023D35299420 doesn't match image C:\Users\eduar\Documents\GitHub\GameJAM_UEA\GAME JAM UEA\Library\ScriptAssemblies\Unity.CollabProxy.Editor.dll
Symbol file LoadedFromMemory is not a mono symbol file
Symbol file data-0000023D33BCC020 doesn't match image C:\Users\eduar\Documents\GitHub\GameJAM_UEA\GAME JAM UEA\Library\ScriptAssemblies\Unity.Mathematics.Editor.dll
Symbol file LoadedFromMemory is not a mono symbol file
Symbol file data-0000023D33BCC020 doesn't match image C:\Users\eduar\Documents\GitHub\GameJAM_UEA\GAME JAM UEA\Library\ScriptAssemblies\Unity.Services.Core.Threading.dll
Symbol file LoadedFromMemory is not a mono symbol file
Symbol file data-0000023D39EBAC90 doesn't match image C:\Users\eduar\Documents\GitHub\GameJAM_UEA\GAME JAM UEA\Library\ScriptAssemblies\Unity.2D.Common.Runtime.dll
Symbol file LoadedFromMemory is not a mono symbol file
Symbol file data-0000023D39EBAC90 doesn't match image C:\Users\eduar\Documents\GitHub\GameJAM_UEA\GAME JAM UEA\Library\ScriptAssemblies\Unity.2D.SpriteShape.Editor.dll
Symbol file LoadedFromMemory is not a mono symbol file
Symbol file data-0000023D39AF6B30 doesn't match image C:\Users\eduar\Documents\GitHub\GameJAM_UEA\GAME JAM UEA\Library\ScriptAssemblies\Unity.2D.Common.Editor.dll
Symbol file LoadedFromMemory is not a mono symbol file
Symbol file data-0000023D35299420 doesn't match image C:\Users\eduar\Documents\GitHub\GameJAM_UEA\GAME JAM UEA\Library\ScriptAssemblies\Unity.2D.SpriteShape.Runtime.dll
Symbol file LoadedFromMemory is not a mono symbol file
Symbol file data-0000023D39AF6B30 doesn't match image C:\Users\eduar\Documents\GitHub\GameJAM_UEA\GAME JAM UEA\Library\ScriptAssemblies\Unity.VisualScripting.State.dll
Symbol file LoadedFromMemory is not a mono symbol file
Symbol file data-0000023D3436CC30 doesn't match image C:\Users\eduar\Documents\GitHub\GameJAM_UEA\GAME JAM UEA\Library\ScriptAssemblies\Unity.Services.Core.Device.dll
Symbol file LoadedFromMemory is not a mono symbol file
Symbol file LoadedFromMemory doesn't match image C:\Users\eduar\Documents\GitHub\GameJAM_UEA\GAME JAM UEA\Library\PackageCache\com.unity.visualscripting@1.7.8\Editor\VisualScripting.Core\Dependencies\YamlDotNet\Unity.VisualScripting.YamlDotNet.dll
Symbol file LoadedFromMemory doesn't match image C:\Users\eduar\Documents\GitHub\GameJAM_UEA\GAME JAM UEA\Library\PackageCache\com.unity.visualscripting@1.7.8\Editor\VisualScripting.Core\Dependencies\DotNetZip\Unity.VisualScripting.IonicZip.dll
Native extension for WindowsStandalone target not found
Native extension for Android target not found
Refreshing native plugins compatible for Editor in 0.66 ms, found 4 plugins.
Preloading 0 native plugins for Editor in 0.00 ms.
Mono: successfully reloaded assembly
- Completed reload, in  0.997 seconds
Domain Reload Profiling:
	ReloadAssembly (998ms)
		BeginReloadAssembly (122ms)
			ExecutionOrderSort (0ms)
			DisableScriptedObjects (7ms)
			BackupInstance (0ms)
			ReleaseScriptingObjects (0ms)
			CreateAndSetChildDomain (34ms)
		EndReloadAssembly (780ms)
			LoadAssemblies (84ms)
			RebuildTransferFunctionScriptingTraits (0ms)
			SetupTypeCache (248ms)
			ReleaseScriptCaches (1ms)
			RebuildScriptCaches (45ms)
			SetupLoadedEditorAssemblies (349ms)
				LogAssemblyErrors (0ms)
				InitializePlatformSupportModulesInManaged (22ms)
				SetLoadedEditorAssemblies (0ms)
				RefreshPlugins (1ms)
				BeforeProcessingInitializeOnLoad (77ms)
				ProcessInitializeOnLoadAttributes (198ms)
				ProcessInitializeOnLoadMethodAttributes (41ms)
				AfterProcessingInitializeOnLoad (9ms)
				EditorAssembliesLoaded (0ms)
			ExecutionOrderSort2 (0ms)
			AwakeInstancesAfterBackupRestoration (7ms)
Platform modules already initialized, skipping
Refreshing native plugins compatible for Editor in 2.84 ms, found 4 plugins.
Preloading 0 native plugins for Editor in 0.00 ms.
Unloading 4066 Unused Serialized files (Serialized files now loaded: 0)
Unloading 31 unused Assets / (191.1 KB). Loaded Objects now: 4527.
Memory consumption went from 151.5 MB to 151.3 MB.
Total: 3.610900 ms (FindLiveObjects: 0.420800 ms CreateObjectMapping: 0.260200 ms MarkObjects: 2.782400 ms  DeleteObjects: 0.146600 ms)

AssetImportParameters requested are different than current active one (requested -> active):
  custom:video-decoder-ogg-theora: a1e56fd34408186e4bbccfd4996cb3dc -> 
  custom:container-muxer-webm: aa71ff27fc2769a1b78a27578f13a17b -> 
  custom:container-demuxer-webm: 4f35f7cbe854078d1ac9338744f61a02 -> 
  custom:video-encoder-webm-vp8: eb34c28f22e8b96e1ab97ce403110664 -> 
  custom:audio-encoder-webm-vorbis: bf7c407c2cedff20999df2af8eb42d56 -> 
  custom:framework-win-MediaFoundation: 216162199b28c13a410421893ffa2e32 -> 
  custom:container-demuxer-ogg: 62fdf1f143b41e24485cea50d1cbac27 -> 
  custom:video-decoder-webm-vp8: 9c59270c3fd7afecdb556c50c9e8de78 -> 
  custom:audio-decoder-ogg-vorbis: bf7c407c2cedff20999df2af8eb42d56 -> 
========================================================================
Received Prepare
Registering precompiled user dll's ...
Registered in 0.006550 seconds.
Begin MonoManager ReloadAssembly
Symbol file data-0000023D384BF030 doesn't match image C:\Users\eduar\Documents\GitHub\GameJAM_UEA\GAME JAM UEA\Library\ScriptAssemblies\Unity.VisualScripting.Flow.Editor.dll
Symbol file LoadedFromMemory is not a mono symbol file
Symbol file data-0000023D38222020 doesn't match image C:\Users\eduar\Documents\GitHub\GameJAM_UEA\GAME JAM UEA\Library\ScriptAssemblies\Unity.2D.Tilemap.Extras.dll
Symbol file LoadedFromMemory is not a mono symbol file
Symbol file data-0000023D3526A010 doesn't match image C:\Users\eduar\Documents\GitHub\GameJAM_UEA\GAME JAM UEA\Library\ScriptAssemblies\Unity.2D.Animation.Editor.dll
Symbol file LoadedFromMemory is not a mono symbol file
Symbol file data-0000023D39386680 doesn't match image C:\Users\eduar\Documents\GitHub\GameJAM_UEA\GAME JAM UEA\Library\ScriptAssemblies\Unity.InternalAPIEngineBridge.001.dll
Symbol file LoadedFromMemory is not a mono symbol file
Symbol file data-0000023D2FC416D0 doesn't match image C:\Users\eduar\Documents\GitHub\GameJAM_UEA\GAME JAM UEA\Library\ScriptAssemblies\Unity.VSCode.Editor.dll
Symbol file LoadedFromMemory is not a mono symbol file
Symbol file data-0000023D2FC416D0 doesn't match image C:\Users\eduar\Documents\GitHub\GameJAM_UEA\GAME JAM UEA\Library\ScriptAssemblies\Unity.2D.PixelPerfect.dll
Symbol file LoadedFromMemory is not a mono symbol file
Symbol file data-0000023D33CE3840 doesn't match image C:\Users\eduar\Documents\GitHub\GameJAM_UEA\GAME JAM UEA\Library\ScriptAssemblies\Unity.2D.Tilemap.Editor.dll
Symbol file LoadedFromMemory is not a mono symbol file
Symbol file data-0000023D3A8EC010 doesn't match image C:\Users\eduar\Documents\GitHub\GameJAM_UEA\GAME JAM UEA\Library\ScriptAssemblies\PsdPlugin.dll
Symbol file LoadedFromMemory is not a mono symbol file
Symbol file data-0000023D384BF030 doesn't match image C:\Users\eduar\Documents\GitHub\GameJAM_UEA\GAME JAM UEA\Library\ScriptAssemblies\Unity.TextMeshPro.Editor.dll
Symbol file LoadedFromMemory is not a mono symbol file
Symbol file data-0000023D38222020 doesn't match image C:\Users\eduar\Documents\GitHub\GameJAM_UEA\GAME JAM UEA\Library\ScriptAssemblies\Unity.Services.Core.Telemetry.dll
Symbol file LoadedFromMemory is not a mono symbol file
Symbol file data-0000023D3A8EC010 doesn't match image C:\Users\eduar\Documents\GitHub\GameJAM_UEA\GAME JAM UEA\Library\ScriptAssemblies\Unity.VisualStudio.Editor.dll
Symbol file LoadedFromMemory is not a mono symbol file
Symbol file data-0000023D33849010 doesn't match image C:\Users\eduar\Documents\GitHub\GameJAM_UEA\GAME JAM UEA\Library\ScriptAssemblies\UnityEngine.TestRunner.dll
Symbol file LoadedFromMemory is not a mono symbol file
Symbol file data-0000023D39970020 doesn't match image C:\Users\eduar\Documents\GitHub\GameJAM_UEA\GAME JAM UEA\Library\ScriptAssemblies\Unity.Timeline.dll
Symbol file LoadedFromMemory is not a mono symbol file
Symbol file data-0000023D382FD030 doesn't match image C:\Users\eduar\Documents\GitHub\GameJAM_UEA\GAME JAM UEA\Library\ScriptAssemblies\Unity.VisualScripting.Core.Editor.dll
Symbol file LoadedFromMemory is not a mono symbol file
Symbol file data-0000023D3987C020 doesn't match image C:\Users\eduar\Documents\GitHub\GameJAM_UEA\GAME JAM UEA\Library\ScriptAssemblies\Unity.TextMeshPro.dll
Symbol file LoadedFromMemory is not a mono symbol file
Symbol file data-0000023D3A8EC010 doesn't match image C:\Users\eduar\Documents\GitHub\GameJAM_UEA\GAME JAM UEA\Library\ScriptAssemblies\Unity.VisualScripting.State.Editor.dll
Symbol file LoadedFromMemory is not a mono symbol file
Symbol file data-0000023D3A8EC010 doesn't match image C:\Users\eduar\Documents\GitHub\GameJAM_UEA\GAME JAM UEA\Library\ScriptAssemblies\Unity.Burst.Editor.dll
Symbol file LoadedFromMemory is not a mono symbol file
Symbol file data-0000023D39B21750 doesn't match image C:\Users\eduar\Documents\GitHub\GameJAM_UEA\GAME JAM UEA\Library\ScriptAssemblies\UnityEditor.TestRunner.dll
Symbol file LoadedFromMemory is not a mono symbol file
Symbol file data-0000023D39386680 doesn't match image C:\Users\eduar\Documents\GitHub\GameJAM_UEA\GAME JAM UEA\Library\ScriptAssemblies\Unity.Services.Core.Networking.dll
Symbol file LoadedFromMemory is not a mono symbol file
Symbol file data-0000023D384D4640 doesn't match image C:\Users\eduar\Documents\GitHub\GameJAM_UEA\GAME JAM UEA\Library\ScriptAssemblies\Unity.2D.IK.Editor.dll
Symbol file LoadedFromMemory is not a mono symbol file
Symbol file data-0000023D39B21750 doesn't match image C:\Users\eduar\Documents\GitHub\GameJAM_UEA\GAME JAM UEA\Library\ScriptAssemblies\Unity.2D.Sprite.Editor.dll
Symbol file LoadedFromMemory is not a mono symbol file
Symbol file data-0000023D38222020 doesn't match image C:\Users\eduar\Documents\GitHub\GameJAM_UEA\GAME JAM UEA\Library\ScriptAssemblies\Unity.Burst.CodeGen.dll
Symbol file LoadedFromMemory is not a mono symbol file
Symbol file data-0000023D3596C010 doesn't match image C:\Users\eduar\Documents\GitHub\GameJAM_UEA\GAME JAM UEA\Library\ScriptAssemblies\Unity.2D.Path.Editor.dll
Symbol file LoadedFromMemory is not a mono symbol file
Symbol file data-0000023D384D4640 doesn't match image C:\Users\eduar\Documents\GitHub\GameJAM_UEA\GAME JAM UEA\Library\ScriptAssemblies\Unity.VisualScripting.SettingsProvider.Editor.dll
Symbol file LoadedFromMemory is not a mono symbol file
Symbol file data-0000023D3567D020 doesn't match image C:\Users\eduar\Documents\GitHub\GameJAM_UEA\GAME JAM UEA\Library\ScriptAssemblies\Unity.VisualScripting.Flow.dll
Symbol file LoadedFromMemory is not a mono symbol file
Symbol file data-0000023D3596C010 doesn't match image C:\Users\eduar\Documents\GitHub\GameJAM_UEA\GAME JAM UEA\Library\ScriptAssemblies\UnityEditor.UI.dll
Symbol file LoadedFromMemory is not a mono symbol file
Symbol file data-0000023D3567D020 doesn't match image C:\Users\eduar\Documents\GitHub\GameJAM_UEA\GAME JAM UEA\Library\ScriptAssemblies\Unity.PlasticSCM.Editor.dll
Symbol file LoadedFromMemory is not a mono symbol file
Symbol file data-0000023D3596C010 doesn't match image C:\Users\eduar\Documents\GitHub\GameJAM_UEA\GAME JAM UEA\Library\ScriptAssemblies\Unity.Rider.Editor.dll
Symbol file LoadedFromMemory is not a mono symbol file
Symbol file data-0000023D3596C010 doesn't match image C:\Users\eduar\Documents\GitHub\GameJAM_UEA\GAME JAM UEA\Library\ScriptAssemblies\Unity.2D.Psdimporter.Editor.dll
Symbol file LoadedFromMemory is not a mono symbol file
Symbol file data-0000023D39A31020 doesn't match image C:\Users\eduar\Documents\GitHub\GameJAM_UEA\GAME JAM UEA\Library\ScriptAssemblies\Unity.Services.Core.Internal.dll
Symbol file LoadedFromMemory is not a mono symbol file
Symbol file data-0000023D3675D020 doesn't match image C:\Users\eduar\Documents\GitHub\GameJAM_UEA\GAME JAM UEA\Library\ScriptAssemblies\UnityEngine.UI.dll
Symbol file LoadedFromMemory is not a mono symbol file
Symbol file data-0000023D36773830 doesn't match image C:\Users\eduar\Documents\GitHub\GameJAM_UEA\GAME JAM UEA\Library\ScriptAssemblies\Unity.2D.Tilemap.Extras.Editor.dll
Symbol file LoadedFromMemory is not a mono symbol file
Symbol file data-0000023D384D4640 doesn't match image C:\Users\eduar\Documents\GitHub\GameJAM_UEA\GAME JAM UEA\Library\ScriptAssemblies\Unity.InternalAPIEditorBridge.001.dll
Symbol file LoadedFromMemory is not a mono symbol file
Symbol file data-0000023D384D4640 doesn't match image C:\Users\eduar\Documents\GitHub\GameJAM_UEA\GAME JAM UEA\Library\ScriptAssemblies\Unity.Services.Core.Configuration.dll
Symbol file LoadedFromMemory is not a mono symbol file
Symbol file data-0000023D384D4640 doesn't match image C:\Users\eduar\Documents\GitHub\GameJAM_UEA\GAME JAM UEA\Library\ScriptAssemblies\Unity.Services.Core.dll
Symbol file LoadedFromMemory is not a mono symbol file
Symbol file data-0000023D38EF2050 doesn't match image C:\Users\eduar\Documents\GitHub\GameJAM_UEA\GAME JAM UEA\Library\ScriptAssemblies\Unity.VisualScripting.Core.dll
Symbol file LoadedFromMemory is not a mono symbol file
Symbol file data-0000023D36DAC020 doesn't match image C:\Users\eduar\Documents\GitHub\GameJAM_UEA\GAME JAM UEA\Library\ScriptAssemblies\Unity.Mathematics.dll
Symbol file LoadedFromMemory is not a mono symbol file
Symbol file data-0000023D39B36960 doesn't match image C:\Users\eduar\Documents\GitHub\GameJAM_UEA\GAME JAM UEA\Library\ScriptAssemblies\Unity.2D.IK.Runtime.dll
Symbol file LoadedFromMemory is not a mono symbol file
Symbol file data-0000023D36773830 doesn't match image C:\Users\eduar\Documents\GitHub\GameJAM_UEA\GAME JAM UEA\Library\ScriptAssemblies\Unity.Services.Core.Editor.dll
Symbol file LoadedFromMemory is not a mono symbol file
Symbol file data-0000023D39B36960 doesn't match image C:\Users\eduar\Documents\GitHub\GameJAM_UEA\GAME JAM UEA\Library\ScriptAssemblies\Unity.Services.Core.Configuration.Editor.dll
Symbol file LoadedFromMemory is not a mono symbol file
Symbol file data-0000023D2FBBC640 doesn't match image C:\Users\eduar\Documents\GitHub\GameJAM_UEA\GAME JAM UEA\Library\ScriptAssemblies\Unity.Services.Core.Analytics.dll
Symbol file LoadedFromMemory is not a mono symbol file
Symbol file data-0000023D3567D020 doesn't match image C:\Users\eduar\Documents\GitHub\GameJAM_UEA\GAME JAM UEA\Library\ScriptAssemblies\Unity.Burst.dll
Symbol file LoadedFromMemory is not a mono symbol file
Symbol file data-0000023D39B36960 doesn't match image C:\Users\eduar\Documents\GitHub\GameJAM_UEA\GAME JAM UEA\Library\ScriptAssemblies\Unity.Services.Core.Registration.dll
Symbol file LoadedFromMemory is not a mono symbol file
Symbol file data-0000023D39B36960 doesn't match image C:\Users\eduar\Documents\GitHub\GameJAM_UEA\GAME JAM UEA\Library\ScriptAssemblies\Unity.VisualScripting.Shared.Editor.dll
Symbol file LoadedFromMemory is not a mono symbol file
Symbol file data-0000023D2FBBC640 doesn't match image C:\Users\eduar\Documents\GitHub\GameJAM_UEA\GAME JAM UEA\Library\ScriptAssemblies\Unity.Services.Core.Environments.dll
Symbol file LoadedFromMemory is not a mono symbol file
Symbol file data-0000023D39B89010 doesn't match image C:\Users\eduar\Documents\GitHub\GameJAM_UEA\GAME JAM UEA\Library\ScriptAssemblies\Unity.2D.Animation.Runtime.dll
Symbol file LoadedFromMemory is not a mono symbol file
Symbol file data-0000023D39B36960 doesn't match image C:\Users\eduar\Documents\GitHub\GameJAM_UEA\GAME JAM UEA\Library\ScriptAssemblies\Unity.2D.PixelPerfect.Editor.dll
Symbol file LoadedFromMemory is not a mono symbol file
Symbol file data-0000023D39B36960 doesn't match image C:\Users\eduar\Documents\GitHub\GameJAM_UEA\GAME JAM UEA\Library\ScriptAssemblies\Unity.Services.Core.Scheduler.dll
Symbol file LoadedFromMemory is not a mono symbol file
Symbol file data-0000023D398AB430 doesn't match image C:\Users\eduar\Documents\GitHub\GameJAM_UEA\GAME JAM UEA\Library\ScriptAssemblies\Unity.Services.Core.Environments.Internal.dll
Symbol file LoadedFromMemory is not a mono symbol file
Symbol file data-0000023D2FE85030 doesn't match image C:\Users\eduar\Documents\GitHub\GameJAM_UEA\GAME JAM UEA\Library\ScriptAssemblies\Unity.Timeline.Editor.dll
Symbol file LoadedFromMemory is not a mono symbol file
Symbol file data-0000023D3A98D040 doesn't match image C:\Users\eduar\Documents\GitHub\GameJAM_UEA\GAME JAM UEA\Library\ScriptAssemblies\Unity.CollabProxy.Editor.dll
Symbol file LoadedFromMemory is not a mono symbol file
Symbol file data-0000023D39B89010 doesn't match image C:\Users\eduar\Documents\GitHub\GameJAM_UEA\GAME JAM UEA\Library\ScriptAssemblies\Unity.Mathematics.Editor.dll
Symbol file LoadedFromMemory is not a mono symbol file
Symbol file data-0000023D398AB430 doesn't match image C:\Users\eduar\Documents\GitHub\GameJAM_UEA\GAME JAM UEA\Library\ScriptAssemblies\Unity.Services.Core.Threading.dll
Symbol file LoadedFromMemory is not a mono symbol file
Symbol file data-0000023D2FD31420 doesn't match image C:\Users\eduar\Documents\GitHub\GameJAM_UEA\GAME JAM UEA\Library\ScriptAssemblies\Unity.2D.Common.Runtime.dll
Symbol file LoadedFromMemory is not a mono symbol file
Symbol file data-0000023D39EB9A90 doesn't match image C:\Users\eduar\Documents\GitHub\GameJAM_UEA\GAME JAM UEA\Library\ScriptAssemblies\Unity.2D.SpriteShape.Editor.dll
Symbol file LoadedFromMemory is not a mono symbol file
Symbol file data-0000023D3562B010 doesn't match image C:\Users\eduar\Documents\GitHub\GameJAM_UEA\GAME JAM UEA\Library\ScriptAssemblies\Unity.2D.Common.Editor.dll
Symbol file LoadedFromMemory is not a mono symbol file
Symbol file data-0000023D33849010 doesn't match image C:\Users\eduar\Documents\GitHub\GameJAM_UEA\GAME JAM UEA\Library\ScriptAssemblies\Unity.2D.SpriteShape.Runtime.dll
Symbol file LoadedFromMemory is not a mono symbol file
Symbol file data-0000023D3562B010 doesn't match image C:\Users\eduar\Documents\GitHub\GameJAM_UEA\GAME JAM UEA\Library\ScriptAssemblies\Unity.VisualScripting.State.dll
Symbol file LoadedFromMemory is not a mono symbol file
Symbol file data-0000023D398AB430 doesn't match image C:\Users\eduar\Documents\GitHub\GameJAM_UEA\GAME JAM UEA\Library\ScriptAssemblies\Unity.Services.Core.Device.dll
Symbol file LoadedFromMemory is not a mono symbol file
Symbol file LoadedFromMemory doesn't match image C:\Users\eduar\Documents\GitHub\GameJAM_UEA\GAME JAM UEA\Library\PackageCache\com.unity.visualscripting@1.7.8\Editor\VisualScripting.Core\Dependencies\YamlDotNet\Unity.VisualScripting.YamlDotNet.dll
Symbol file LoadedFromMemory doesn't match image C:\Users\eduar\Documents\GitHub\GameJAM_UEA\GAME JAM UEA\Library\PackageCache\com.unity.visualscripting@1.7.8\Editor\VisualScripting.Core\Dependencies\DotNetZip\Unity.VisualScripting.IonicZip.dll
Native extension for WindowsStandalone target not found
Native extension for Android target not found
Refreshing native plugins compatible for Editor in 1.24 ms, found 4 plugins.
Preloading 0 native plugins for Editor in 0.00 ms.
Mono: successfully reloaded assembly
- Completed reload, in  1.002 seconds
Domain Reload Profiling:
	ReloadAssembly (1003ms)
		BeginReloadAssembly (132ms)
			ExecutionOrderSort (0ms)
			DisableScriptedObjects (8ms)
			BackupInstance (0ms)
			ReleaseScriptingObjects (0ms)
			CreateAndSetChildDomain (39ms)
		EndReloadAssembly (770ms)
			LoadAssemblies (82ms)
			RebuildTransferFunctionScriptingTraits (0ms)
			SetupTypeCache (227ms)
			ReleaseScriptCaches (1ms)
			RebuildScriptCaches (48ms)
			SetupLoadedEditorAssemblies (361ms)
				LogAssemblyErrors (0ms)
				InitializePlatformSupportModulesInManaged (20ms)
				SetLoadedEditorAssemblies (1ms)
				RefreshPlugins (1ms)
				BeforeProcessingInitializeOnLoad (76ms)
				ProcessInitializeOnLoadAttributes (214ms)
				ProcessInitializeOnLoadMethodAttributes (39ms)
				AfterProcessingInitializeOnLoad (10ms)
				EditorAssembliesLoaded (0ms)
			ExecutionOrderSort2 (0ms)
			AwakeInstancesAfterBackupRestoration (7ms)
Platform modules already initialized, skipping
Refreshing native plugins compatible for Editor in 2.69 ms, found 4 plugins.
Preloading 0 native plugins for Editor in 0.00 ms.
Unloading 4066 Unused Serialized files (Serialized files now loaded: 0)
Unloading 31 unused Assets / (190.8 KB). Loaded Objects now: 4530.
Memory consumption went from 151.5 MB to 151.3 MB.
Total: 3.244200 ms (FindLiveObjects: 0.300400 ms CreateObjectMapping: 0.270300 ms MarkObjects: 2.528700 ms  DeleteObjects: 0.144100 ms)

AssetImportParameters requested are different than current active one (requested -> active):
  custom:video-decoder-ogg-theora: a1e56fd34408186e4bbccfd4996cb3dc -> 
  custom:container-muxer-webm: aa71ff27fc2769a1b78a27578f13a17b -> 
  custom:container-demuxer-webm: 4f35f7cbe854078d1ac9338744f61a02 -> 
  custom:video-encoder-webm-vp8: eb34c28f22e8b96e1ab97ce403110664 -> 
  custom:audio-encoder-webm-vorbis: bf7c407c2cedff20999df2af8eb42d56 -> 
  custom:framework-win-MediaFoundation: 216162199b28c13a410421893ffa2e32 -> 
  custom:container-demuxer-ogg: 62fdf1f143b41e24485cea50d1cbac27 -> 
  custom:video-decoder-webm-vp8: 9c59270c3fd7afecdb556c50c9e8de78 -> 
  custom:audio-decoder-ogg-vorbis: bf7c407c2cedff20999df2af8eb42d56 -> 
========================================================================
Received Import Request.
  Time since last request: 1216299.212584 seconds.
  path: Assets/Prefabs/Rocha Azul.prefab
  artifactKey: Guid(287e19aea5a00bc4681643d8b740d7a3) Importer(815301076,1909f56bfc062723c751e8b465ee728b)
Start importing Assets/Prefabs/Rocha Azul.prefab using Guid(287e19aea5a00bc4681643d8b740d7a3) Importer(815301076,1909f56bfc062723c751e8b465ee728b)  -> (artifact id: '7a97c9b5499aa8cbb5e7e741fa8ddcc1') in 0.111249 seconds 
